2025-10-09 11:32:59,076 - INFO - main:312 - ==================================================
2025-10-09 11:32:59,076 - INFO - main:313 - 日本养殖项目数据上传任务开始
2025-10-09 11:32:59,077 - INFO - main:315 - 当前为干运行模式（不会实际上传，仅打印与统计）。可通过环境变量 AIJ_UPLOAD_DRY_RUN=0 关闭
2025-10-09 11:32:59,078 - INFO - main:316 - ==================================================
2025-10-09 11:32:59,078 - WARNING - validate_config:68 - 目录不存在: C:\Users\37897\Desktop\japan_data\sensor_data (数据类型: 传感器数据)
2025-10-09 11:32:59,078 - WARNING - validate_config:68 - 目录不存在: C:\Users\37897\Desktop\japan_data\operation_logs (数据类型: 操作日志)
2025-10-09 11:32:59,079 - WARNING - validate_config:68 - 目录不存在: C:\Users\37897\Desktop\japan_data\collected_images (数据类型: 采集图像)
2025-10-09 11:32:59,079 - INFO - main:334 - 开始执行传感器数据上传任务...
2025-10-09 11:32:59,079 - INFO - upload_data_by_type:244 - 开始批量上传传感器数据... (DRY-RUN)
2025-10-09 11:32:59,079 - INFO - get_recent_filenames:169 - 生成传感器数据文件名列表，共61个文件，时间范围：61天
2025-10-09 11:32:59,079 - WARNING - upload_data_by_type:260 - ⚠ 文件不存在，跳过: 2025_10_09.csv
2025-10-09 11:32:59,080 - WARNING - upload_data_by_type:260 - ⚠ 文件不存在，跳过: 2025_10_08.csv
2025-10-09 11:32:59,080 - WARNING - upload_data_by_type:260 - ⚠ 文件不存在，跳过: 2025_10_07.csv
2025-10-09 11:32:59,080 - WARNING - upload_data_by_type:260 - ⚠ 文件不存在，跳过: 2025_10_06.csv
2025-10-09 11:32:59,080 - WARNING - upload_data_by_type:260 - ⚠ 文件不存在，跳过: 2025_10_05.csv
2025-10-09 11:32:59,080 - WARNING - upload_data_by_type:260 - ⚠ 文件不存在，跳过: 2025_10_04.csv
2025-10-09 11:32:59,081 - WARNING - upload_data_by_type:260 - ⚠ 文件不存在，跳过: 2025_10_03.csv
2025-10-09 11:32:59,081 - WARNING - upload_data_by_type:260 - ⚠ 文件不存在，跳过: 2025_10_02.csv
2025-10-09 11:32:59,081 - WARNING - upload_data_by_type:260 - ⚠ 文件不存在，跳过: 2025_10_01.csv
2025-10-09 11:32:59,081 - WARNING - upload_data_by_type:260 - ⚠ 文件不存在，跳过: 2025_09_30.csv
2025-10-09 11:32:59,081 - WARNING - upload_data_by_type:260 - ⚠ 文件不存在，跳过: 2025_09_29.csv
2025-10-09 11:32:59,081 - WARNING - upload_data_by_type:260 - ⚠ 文件不存在，跳过: 2025_09_28.csv
2025-10-09 11:32:59,081 - WARNING - upload_data_by_type:260 - ⚠ 文件不存在，跳过: 2025_09_27.csv
2025-10-09 11:32:59,081 - WARNING - upload_data_by_type:260 - ⚠ 文件不存在，跳过: 2025_09_26.csv
2025-10-09 11:32:59,081 - WARNING - upload_data_by_type:260 - ⚠ 文件不存在，跳过: 2025_09_25.csv
2025-10-09 11:32:59,081 - WARNING - upload_data_by_type:260 - ⚠ 文件不存在，跳过: 2025_09_24.csv
2025-10-09 11:32:59,081 - WARNING - upload_data_by_type:260 - ⚠ 文件不存在，跳过: 2025_09_23.csv
2025-10-09 11:32:59,081 - WARNING - upload_data_by_type:260 - ⚠ 文件不存在，跳过: 2025_09_22.csv
2025-10-09 11:32:59,081 - WARNING - upload_data_by_type:260 - ⚠ 文件不存在，跳过: 2025_09_21.csv
2025-10-09 11:32:59,083 - WARNING - upload_data_by_type:260 - ⚠ 文件不存在，跳过: 2025_09_20.csv
2025-10-09 11:32:59,083 - WARNING - upload_data_by_type:260 - ⚠ 文件不存在，跳过: 2025_09_19.csv
2025-10-09 11:32:59,083 - WARNING - upload_data_by_type:260 - ⚠ 文件不存在，跳过: 2025_09_18.csv
2025-10-09 11:32:59,083 - WARNING - upload_data_by_type:260 - ⚠ 文件不存在，跳过: 2025_09_17.csv
2025-10-09 11:32:59,083 - WARNING - upload_data_by_type:260 - ⚠ 文件不存在，跳过: 2025_09_16.csv
2025-10-09 11:32:59,083 - WARNING - upload_data_by_type:260 - ⚠ 文件不存在，跳过: 2025_09_15.csv
2025-10-09 11:32:59,083 - WARNING - upload_data_by_type:260 - ⚠ 文件不存在，跳过: 2025_09_14.csv
2025-10-09 11:32:59,083 - WARNING - upload_data_by_type:260 - ⚠ 文件不存在，跳过: 2025_09_13.csv
2025-10-09 11:32:59,084 - WARNING - upload_data_by_type:260 - ⚠ 文件不存在，跳过: 2025_09_12.csv
2025-10-09 11:32:59,084 - WARNING - upload_data_by_type:260 - ⚠ 文件不存在，跳过: 2025_09_11.csv
2025-10-09 11:32:59,084 - WARNING - upload_data_by_type:260 - ⚠ 文件不存在，跳过: 2025_09_10.csv
2025-10-09 11:32:59,084 - WARNING - upload_data_by_type:260 - ⚠ 文件不存在，跳过: 2025_09_09.csv
2025-10-09 11:32:59,084 - WARNING - upload_data_by_type:260 - ⚠ 文件不存在，跳过: 2025_09_08.csv
2025-10-09 11:32:59,084 - WARNING - upload_data_by_type:260 - ⚠ 文件不存在，跳过: 2025_09_07.csv
2025-10-09 11:32:59,084 - WARNING - upload_data_by_type:260 - ⚠ 文件不存在，跳过: 2025_09_06.csv
2025-10-09 11:32:59,084 - WARNING - upload_data_by_type:260 - ⚠ 文件不存在，跳过: 2025_09_05.csv
2025-10-09 11:32:59,084 - WARNING - upload_data_by_type:260 - ⚠ 文件不存在，跳过: 2025_09_04.csv
2025-10-09 11:32:59,085 - WARNING - upload_data_by_type:260 - ⚠ 文件不存在，跳过: 2025_09_03.csv
2025-10-09 11:32:59,085 - WARNING - upload_data_by_type:260 - ⚠ 文件不存在，跳过: 2025_09_02.csv
2025-10-09 11:32:59,085 - WARNING - upload_data_by_type:260 - ⚠ 文件不存在，跳过: 2025_09_01.csv
2025-10-09 11:32:59,085 - WARNING - upload_data_by_type:260 - ⚠ 文件不存在，跳过: 2025_08_31.csv
2025-10-09 11:32:59,085 - WARNING - upload_data_by_type:260 - ⚠ 文件不存在，跳过: 2025_08_30.csv
2025-10-09 11:32:59,085 - WARNING - upload_data_by_type:260 - ⚠ 文件不存在，跳过: 2025_08_29.csv
2025-10-09 11:32:59,085 - WARNING - upload_data_by_type:260 - ⚠ 文件不存在，跳过: 2025_08_28.csv
2025-10-09 11:32:59,085 - WARNING - upload_data_by_type:260 - ⚠ 文件不存在，跳过: 2025_08_27.csv
2025-10-09 11:32:59,085 - WARNING - upload_data_by_type:260 - ⚠ 文件不存在，跳过: 2025_08_26.csv
2025-10-09 11:32:59,085 - WARNING - upload_data_by_type:260 - ⚠ 文件不存在，跳过: 2025_08_25.csv
2025-10-09 11:32:59,085 - WARNING - upload_data_by_type:260 - ⚠ 文件不存在，跳过: 2025_08_24.csv
2025-10-09 11:32:59,085 - WARNING - upload_data_by_type:260 - ⚠ 文件不存在，跳过: 2025_08_23.csv
2025-10-09 11:32:59,086 - WARNING - upload_data_by_type:260 - ⚠ 文件不存在，跳过: 2025_08_22.csv
2025-10-09 11:32:59,086 - WARNING - upload_data_by_type:260 - ⚠ 文件不存在，跳过: 2025_08_21.csv
2025-10-09 11:32:59,086 - WARNING - upload_data_by_type:260 - ⚠ 文件不存在，跳过: 2025_08_20.csv
2025-10-09 11:32:59,086 - WARNING - upload_data_by_type:260 - ⚠ 文件不存在，跳过: 2025_08_19.csv
2025-10-09 11:32:59,086 - WARNING - upload_data_by_type:260 - ⚠ 文件不存在，跳过: 2025_08_18.csv
2025-10-09 11:32:59,086 - WARNING - upload_data_by_type:260 - ⚠ 文件不存在，跳过: 2025_08_17.csv
2025-10-09 11:32:59,086 - WARNING - upload_data_by_type:260 - ⚠ 文件不存在，跳过: 2025_08_16.csv
2025-10-09 11:32:59,087 - WARNING - upload_data_by_type:260 - ⚠ 文件不存在，跳过: 2025_08_15.csv
2025-10-09 11:32:59,087 - WARNING - upload_data_by_type:260 - ⚠ 文件不存在，跳过: 2025_08_14.csv
2025-10-09 11:32:59,087 - WARNING - upload_data_by_type:260 - ⚠ 文件不存在，跳过: 2025_08_13.csv
2025-10-09 11:32:59,087 - WARNING - upload_data_by_type:260 - ⚠ 文件不存在，跳过: 2025_08_12.csv
2025-10-09 11:32:59,087 - WARNING - upload_data_by_type:260 - ⚠ 文件不存在，跳过: 2025_08_11.csv
2025-10-09 11:32:59,087 - WARNING - upload_data_by_type:260 - ⚠ 文件不存在，跳过: 2025_08_10.csv
2025-10-09 11:32:59,087 - INFO - upload_data_by_type:274 - 传感器数据上传完成 - 成功: 0, 失败: 61, 总计: 61
2025-10-09 11:32:59,087 - INFO - main:334 - 开始执行操作日志上传任务...
2025-10-09 11:32:59,088 - INFO - upload_data_by_type:244 - 开始批量上传操作日志... (DRY-RUN)
2025-10-09 11:32:59,088 - INFO - get_recent_filenames:169 - 生成操作日志文件名列表，共61个文件，时间范围：61天
2025-10-09 11:32:59,088 - WARNING - upload_data_by_type:260 - ⚠ 文件不存在，跳过: 2025_10_09.txt
2025-10-09 11:32:59,088 - WARNING - upload_data_by_type:260 - ⚠ 文件不存在，跳过: 2025_10_08.txt
2025-10-09 11:32:59,089 - WARNING - upload_data_by_type:260 - ⚠ 文件不存在，跳过: 2025_10_07.txt
2025-10-09 11:32:59,089 - WARNING - upload_data_by_type:260 - ⚠ 文件不存在，跳过: 2025_10_06.txt
2025-10-09 11:32:59,089 - WARNING - upload_data_by_type:260 - ⚠ 文件不存在，跳过: 2025_10_05.txt
2025-10-09 11:32:59,089 - WARNING - upload_data_by_type:260 - ⚠ 文件不存在，跳过: 2025_10_04.txt
2025-10-09 11:32:59,089 - WARNING - upload_data_by_type:260 - ⚠ 文件不存在，跳过: 2025_10_03.txt
2025-10-09 11:32:59,089 - WARNING - upload_data_by_type:260 - ⚠ 文件不存在，跳过: 2025_10_02.txt
2025-10-09 11:32:59,089 - WARNING - upload_data_by_type:260 - ⚠ 文件不存在，跳过: 2025_10_01.txt
2025-10-09 11:32:59,089 - WARNING - upload_data_by_type:260 - ⚠ 文件不存在，跳过: 2025_09_30.txt
2025-10-09 11:32:59,089 - WARNING - upload_data_by_type:260 - ⚠ 文件不存在，跳过: 2025_09_29.txt
2025-10-09 11:32:59,090 - WARNING - upload_data_by_type:260 - ⚠ 文件不存在，跳过: 2025_09_28.txt
2025-10-09 11:32:59,090 - WARNING - upload_data_by_type:260 - ⚠ 文件不存在，跳过: 2025_09_27.txt
2025-10-09 11:32:59,090 - WARNING - upload_data_by_type:260 - ⚠ 文件不存在，跳过: 2025_09_26.txt
2025-10-09 11:32:59,090 - WARNING - upload_data_by_type:260 - ⚠ 文件不存在，跳过: 2025_09_25.txt
2025-10-09 11:32:59,090 - WARNING - upload_data_by_type:260 - ⚠ 文件不存在，跳过: 2025_09_24.txt
2025-10-09 11:32:59,090 - WARNING - upload_data_by_type:260 - ⚠ 文件不存在，跳过: 2025_09_23.txt
2025-10-09 11:32:59,090 - WARNING - upload_data_by_type:260 - ⚠ 文件不存在，跳过: 2025_09_22.txt
2025-10-09 11:32:59,090 - WARNING - upload_data_by_type:260 - ⚠ 文件不存在，跳过: 2025_09_21.txt
2025-10-09 11:32:59,091 - WARNING - upload_data_by_type:260 - ⚠ 文件不存在，跳过: 2025_09_20.txt
2025-10-09 11:32:59,091 - WARNING - upload_data_by_type:260 - ⚠ 文件不存在，跳过: 2025_09_19.txt
2025-10-09 11:32:59,091 - WARNING - upload_data_by_type:260 - ⚠ 文件不存在，跳过: 2025_09_18.txt
2025-10-09 11:32:59,091 - WARNING - upload_data_by_type:260 - ⚠ 文件不存在，跳过: 2025_09_17.txt
2025-10-09 11:32:59,091 - WARNING - upload_data_by_type:260 - ⚠ 文件不存在，跳过: 2025_09_16.txt
2025-10-09 11:32:59,091 - WARNING - upload_data_by_type:260 - ⚠ 文件不存在，跳过: 2025_09_15.txt
2025-10-09 11:32:59,091 - WARNING - upload_data_by_type:260 - ⚠ 文件不存在，跳过: 2025_09_14.txt
2025-10-09 11:32:59,091 - WARNING - upload_data_by_type:260 - ⚠ 文件不存在，跳过: 2025_09_13.txt
2025-10-09 11:32:59,091 - WARNING - upload_data_by_type:260 - ⚠ 文件不存在，跳过: 2025_09_12.txt
2025-10-09 11:32:59,092 - WARNING - upload_data_by_type:260 - ⚠ 文件不存在，跳过: 2025_09_11.txt
2025-10-09 11:32:59,092 - WARNING - upload_data_by_type:260 - ⚠ 文件不存在，跳过: 2025_09_10.txt
2025-10-09 11:32:59,092 - WARNING - upload_data_by_type:260 - ⚠ 文件不存在，跳过: 2025_09_09.txt
2025-10-09 11:32:59,092 - WARNING - upload_data_by_type:260 - ⚠ 文件不存在，跳过: 2025_09_08.txt
2025-10-09 11:32:59,092 - WARNING - upload_data_by_type:260 - ⚠ 文件不存在，跳过: 2025_09_07.txt
2025-10-09 11:32:59,092 - WARNING - upload_data_by_type:260 - ⚠ 文件不存在，跳过: 2025_09_06.txt
2025-10-09 11:32:59,092 - WARNING - upload_data_by_type:260 - ⚠ 文件不存在，跳过: 2025_09_05.txt
2025-10-09 11:32:59,093 - WARNING - upload_data_by_type:260 - ⚠ 文件不存在，跳过: 2025_09_04.txt
2025-10-09 11:32:59,093 - WARNING - upload_data_by_type:260 - ⚠ 文件不存在，跳过: 2025_09_03.txt
2025-10-09 11:32:59,093 - WARNING - upload_data_by_type:260 - ⚠ 文件不存在，跳过: 2025_09_02.txt
2025-10-09 11:32:59,093 - WARNING - upload_data_by_type:260 - ⚠ 文件不存在，跳过: 2025_09_01.txt
2025-10-09 11:32:59,093 - WARNING - upload_data_by_type:260 - ⚠ 文件不存在，跳过: 2025_08_31.txt
2025-10-09 11:32:59,093 - WARNING - upload_data_by_type:260 - ⚠ 文件不存在，跳过: 2025_08_30.txt
2025-10-09 11:32:59,093 - WARNING - upload_data_by_type:260 - ⚠ 文件不存在，跳过: 2025_08_29.txt
2025-10-09 11:32:59,094 - WARNING - upload_data_by_type:260 - ⚠ 文件不存在，跳过: 2025_08_28.txt
2025-10-09 11:32:59,094 - WARNING - upload_data_by_type:260 - ⚠ 文件不存在，跳过: 2025_08_27.txt
2025-10-09 11:32:59,094 - WARNING - upload_data_by_type:260 - ⚠ 文件不存在，跳过: 2025_08_26.txt
2025-10-09 11:32:59,094 - WARNING - upload_data_by_type:260 - ⚠ 文件不存在，跳过: 2025_08_25.txt
2025-10-09 11:32:59,094 - WARNING - upload_data_by_type:260 - ⚠ 文件不存在，跳过: 2025_08_24.txt
2025-10-09 11:32:59,094 - WARNING - upload_data_by_type:260 - ⚠ 文件不存在，跳过: 2025_08_23.txt
2025-10-09 11:32:59,094 - WARNING - upload_data_by_type:260 - ⚠ 文件不存在，跳过: 2025_08_22.txt
2025-10-09 11:32:59,094 - WARNING - upload_data_by_type:260 - ⚠ 文件不存在，跳过: 2025_08_21.txt
2025-10-09 11:32:59,094 - WARNING - upload_data_by_type:260 - ⚠ 文件不存在，跳过: 2025_08_20.txt
2025-10-09 11:32:59,095 - WARNING - upload_data_by_type:260 - ⚠ 文件不存在，跳过: 2025_08_19.txt
2025-10-09 11:32:59,095 - WARNING - upload_data_by_type:260 - ⚠ 文件不存在，跳过: 2025_08_18.txt
2025-10-09 11:32:59,095 - WARNING - upload_data_by_type:260 - ⚠ 文件不存在，跳过: 2025_08_17.txt
2025-10-09 11:32:59,095 - WARNING - upload_data_by_type:260 - ⚠ 文件不存在，跳过: 2025_08_16.txt
2025-10-09 11:32:59,095 - WARNING - upload_data_by_type:260 - ⚠ 文件不存在，跳过: 2025_08_15.txt
2025-10-09 11:32:59,095 - WARNING - upload_data_by_type:260 - ⚠ 文件不存在，跳过: 2025_08_14.txt
2025-10-09 11:32:59,095 - WARNING - upload_data_by_type:260 - ⚠ 文件不存在，跳过: 2025_08_13.txt
2025-10-09 11:32:59,095 - WARNING - upload_data_by_type:260 - ⚠ 文件不存在，跳过: 2025_08_12.txt
2025-10-09 11:32:59,095 - WARNING - upload_data_by_type:260 - ⚠ 文件不存在，跳过: 2025_08_11.txt
2025-10-09 11:32:59,095 - WARNING - upload_data_by_type:260 - ⚠ 文件不存在，跳过: 2025_08_10.txt
2025-10-09 11:32:59,095 - INFO - upload_data_by_type:274 - 操作日志上传完成 - 成功: 0, 失败: 61, 总计: 61
2025-10-09 11:32:59,097 - INFO - main:334 - 开始执行采集图像上传任务...
2025-10-09 11:32:59,097 - INFO - upload_data_by_type:244 - 开始批量上传采集图像... (DRY-RUN)
2025-10-09 11:32:59,097 - INFO - get_recent_filenames:169 - 生成采集图像文件名列表，共61个文件，时间范围：61天
2025-10-09 11:32:59,097 - WARNING - upload_data_by_type:260 - ⚠ 文件不存在，跳过: image_20251009.csv
2025-10-09 11:32:59,097 - WARNING - upload_data_by_type:260 - ⚠ 文件不存在，跳过: image_20251008.csv
2025-10-09 11:32:59,098 - WARNING - upload_data_by_type:260 - ⚠ 文件不存在，跳过: image_20251007.csv
2025-10-09 11:32:59,098 - WARNING - upload_data_by_type:260 - ⚠ 文件不存在，跳过: image_20251006.csv
2025-10-09 11:32:59,098 - WARNING - upload_data_by_type:260 - ⚠ 文件不存在，跳过: image_20251005.csv
2025-10-09 11:32:59,098 - WARNING - upload_data_by_type:260 - ⚠ 文件不存在，跳过: image_20251004.csv
2025-10-09 11:32:59,098 - WARNING - upload_data_by_type:260 - ⚠ 文件不存在，跳过: image_20251003.csv
2025-10-09 11:32:59,098 - WARNING - upload_data_by_type:260 - ⚠ 文件不存在，跳过: image_20251002.csv
2025-10-09 11:32:59,098 - WARNING - upload_data_by_type:260 - ⚠ 文件不存在，跳过: image_20251001.csv
2025-10-09 11:32:59,098 - WARNING - upload_data_by_type:260 - ⚠ 文件不存在，跳过: image_20250930.csv
2025-10-09 11:32:59,098 - WARNING - upload_data_by_type:260 - ⚠ 文件不存在，跳过: image_20250929.csv
2025-10-09 11:32:59,099 - WARNING - upload_data_by_type:260 - ⚠ 文件不存在，跳过: image_20250928.csv
2025-10-09 11:32:59,099 - WARNING - upload_data_by_type:260 - ⚠ 文件不存在，跳过: image_20250927.csv
2025-10-09 11:32:59,099 - WARNING - upload_data_by_type:260 - ⚠ 文件不存在，跳过: image_20250926.csv
2025-10-09 11:32:59,099 - WARNING - upload_data_by_type:260 - ⚠ 文件不存在，跳过: image_20250925.csv
2025-10-09 11:32:59,099 - WARNING - upload_data_by_type:260 - ⚠ 文件不存在，跳过: image_20250924.csv
2025-10-09 11:32:59,099 - WARNING - upload_data_by_type:260 - ⚠ 文件不存在，跳过: image_20250923.csv
2025-10-09 11:32:59,099 - WARNING - upload_data_by_type:260 - ⚠ 文件不存在，跳过: image_20250922.csv
2025-10-09 11:32:59,099 - WARNING - upload_data_by_type:260 - ⚠ 文件不存在，跳过: image_20250921.csv
2025-10-09 11:32:59,099 - WARNING - upload_data_by_type:260 - ⚠ 文件不存在，跳过: image_20250920.csv
2025-10-09 11:32:59,099 - WARNING - upload_data_by_type:260 - ⚠ 文件不存在，跳过: image_20250919.csv
2025-10-09 11:32:59,100 - WARNING - upload_data_by_type:260 - ⚠ 文件不存在，跳过: image_20250918.csv
2025-10-09 11:32:59,100 - WARNING - upload_data_by_type:260 - ⚠ 文件不存在，跳过: image_20250917.csv
2025-10-09 11:32:59,100 - WARNING - upload_data_by_type:260 - ⚠ 文件不存在，跳过: image_20250916.csv
2025-10-09 11:32:59,100 - WARNING - upload_data_by_type:260 - ⚠ 文件不存在，跳过: image_20250915.csv
2025-10-09 11:32:59,100 - WARNING - upload_data_by_type:260 - ⚠ 文件不存在，跳过: image_20250914.csv
2025-10-09 11:32:59,100 - WARNING - upload_data_by_type:260 - ⚠ 文件不存在，跳过: image_20250913.csv
2025-10-09 11:32:59,100 - WARNING - upload_data_by_type:260 - ⚠ 文件不存在，跳过: image_20250912.csv
2025-10-09 11:32:59,100 - WARNING - upload_data_by_type:260 - ⚠ 文件不存在，跳过: image_20250911.csv
2025-10-09 11:32:59,100 - WARNING - upload_data_by_type:260 - ⚠ 文件不存在，跳过: image_20250910.csv
2025-10-09 11:32:59,100 - WARNING - upload_data_by_type:260 - ⚠ 文件不存在，跳过: image_20250909.csv
2025-10-09 11:32:59,101 - WARNING - upload_data_by_type:260 - ⚠ 文件不存在，跳过: image_20250908.csv
2025-10-09 11:32:59,101 - WARNING - upload_data_by_type:260 - ⚠ 文件不存在，跳过: image_20250907.csv
2025-10-09 11:32:59,101 - WARNING - upload_data_by_type:260 - ⚠ 文件不存在，跳过: image_20250906.csv
2025-10-09 11:32:59,101 - WARNING - upload_data_by_type:260 - ⚠ 文件不存在，跳过: image_20250905.csv
2025-10-09 11:32:59,101 - WARNING - upload_data_by_type:260 - ⚠ 文件不存在，跳过: image_20250904.csv
2025-10-09 11:32:59,101 - WARNING - upload_data_by_type:260 - ⚠ 文件不存在，跳过: image_20250903.csv
2025-10-09 11:32:59,101 - WARNING - upload_data_by_type:260 - ⚠ 文件不存在，跳过: image_20250902.csv
2025-10-09 11:32:59,101 - WARNING - upload_data_by_type:260 - ⚠ 文件不存在，跳过: image_20250901.csv
2025-10-09 11:32:59,102 - WARNING - upload_data_by_type:260 - ⚠ 文件不存在，跳过: image_20250831.csv
2025-10-09 11:32:59,102 - WARNING - upload_data_by_type:260 - ⚠ 文件不存在，跳过: image_20250830.csv
2025-10-09 11:32:59,102 - WARNING - upload_data_by_type:260 - ⚠ 文件不存在，跳过: image_20250829.csv
2025-10-09 11:32:59,102 - WARNING - upload_data_by_type:260 - ⚠ 文件不存在，跳过: image_20250828.csv
2025-10-09 11:32:59,102 - WARNING - upload_data_by_type:260 - ⚠ 文件不存在，跳过: image_20250827.csv
2025-10-09 11:32:59,102 - WARNING - upload_data_by_type:260 - ⚠ 文件不存在，跳过: image_20250826.csv
2025-10-09 11:32:59,102 - WARNING - upload_data_by_type:260 - ⚠ 文件不存在，跳过: image_20250825.csv
2025-10-09 11:32:59,102 - WARNING - upload_data_by_type:260 - ⚠ 文件不存在，跳过: image_20250824.csv
2025-10-09 11:32:59,103 - WARNING - upload_data_by_type:260 - ⚠ 文件不存在，跳过: image_20250823.csv
2025-10-09 11:32:59,103 - WARNING - upload_data_by_type:260 - ⚠ 文件不存在，跳过: image_20250822.csv
2025-10-09 11:32:59,103 - WARNING - upload_data_by_type:260 - ⚠ 文件不存在，跳过: image_20250821.csv
2025-10-09 11:32:59,103 - WARNING - upload_data_by_type:260 - ⚠ 文件不存在，跳过: image_20250820.csv
2025-10-09 11:32:59,103 - WARNING - upload_data_by_type:260 - ⚠ 文件不存在，跳过: image_20250819.csv
2025-10-09 11:32:59,103 - WARNING - upload_data_by_type:260 - ⚠ 文件不存在，跳过: image_20250818.csv
2025-10-09 11:32:59,103 - WARNING - upload_data_by_type:260 - ⚠ 文件不存在，跳过: image_20250817.csv
2025-10-09 11:32:59,103 - WARNING - upload_data_by_type:260 - ⚠ 文件不存在，跳过: image_20250816.csv
2025-10-09 11:32:59,103 - WARNING - upload_data_by_type:260 - ⚠ 文件不存在，跳过: image_20250815.csv
2025-10-09 11:32:59,104 - WARNING - upload_data_by_type:260 - ⚠ 文件不存在，跳过: image_20250814.csv
2025-10-09 11:32:59,104 - WARNING - upload_data_by_type:260 - ⚠ 文件不存在，跳过: image_20250813.csv
2025-10-09 11:32:59,104 - WARNING - upload_data_by_type:260 - ⚠ 文件不存在，跳过: image_20250812.csv
2025-10-09 11:32:59,104 - WARNING - upload_data_by_type:260 - ⚠ 文件不存在，跳过: image_20250811.csv
2025-10-09 11:32:59,104 - WARNING - upload_data_by_type:260 - ⚠ 文件不存在，跳过: image_20250810.csv
2025-10-09 11:32:59,104 - INFO - upload_data_by_type:274 - 采集图像上传完成 - 成功: 0, 失败: 61, 总计: 61
2025-10-09 11:32:59,104 - INFO - main:346 - ==================================================
2025-10-09 11:32:59,104 - INFO - main:347 - 所有上传任务完成
2025-10-09 11:32:59,104 - INFO - main:348 - 总体统计 - 成功: 0, 失败: 183, 总计: 183
2025-10-09 11:32:59,104 - INFO - main:350 - 成功率: 0.0%
2025-10-09 11:32:59,105 - INFO - main:351 - ==================================================
2025-10-09 11:42:59,156 - INFO - main:312 - ==================================================
2025-10-09 11:42:59,157 - INFO - main:313 - 日本养殖项目数据上传任务开始
2025-10-09 11:42:59,158 - INFO - main:315 - 当前为干运行模式（不会实际上传，仅打印与统计）。可通过环境变量 AIJ_UPLOAD_DRY_RUN=0 关闭
2025-10-09 11:42:59,158 - INFO - main:316 - ==================================================
2025-10-09 11:42:59,159 - WARNING - validate_config:68 - 目录不存在: C:\Users\37897\Desktop\japan_data\sensor_data (数据类型: 传感器数据)
2025-10-09 11:42:59,159 - WARNING - validate_config:68 - 目录不存在: C:\Users\37897\Desktop\japan_data\operation_logs (数据类型: 操作日志)
2025-10-09 11:42:59,159 - WARNING - validate_config:68 - 目录不存在: C:\Users\37897\Desktop\japan_data\collected_images (数据类型: 采集图像)
2025-10-09 11:42:59,159 - INFO - main:334 - 开始执行传感器数据上传任务...
2025-10-09 11:42:59,159 - INFO - upload_data_by_type:244 - 开始批量上传传感器数据... (DRY-RUN)
2025-10-09 11:42:59,159 - INFO - get_recent_filenames:169 - 生成传感器数据文件名列表，共61个文件，时间范围：61天
2025-10-09 11:42:59,159 - WARNING - upload_data_by_type:260 - ⚠ 文件不存在，跳过: 2025_10_09.csv
2025-10-09 11:42:59,160 - WARNING - upload_data_by_type:260 - ⚠ 文件不存在，跳过: 2025_10_08.csv
2025-10-09 11:42:59,160 - WARNING - upload_data_by_type:260 - ⚠ 文件不存在，跳过: 2025_10_07.csv
2025-10-09 11:42:59,160 - WARNING - upload_data_by_type:260 - ⚠ 文件不存在，跳过: 2025_10_06.csv
2025-10-09 11:42:59,160 - WARNING - upload_data_by_type:260 - ⚠ 文件不存在，跳过: 2025_10_05.csv
2025-10-09 11:42:59,160 - WARNING - upload_data_by_type:260 - ⚠ 文件不存在，跳过: 2025_10_04.csv
2025-10-09 11:42:59,160 - WARNING - upload_data_by_type:260 - ⚠ 文件不存在，跳过: 2025_10_03.csv
2025-10-09 11:42:59,160 - WARNING - upload_data_by_type:260 - ⚠ 文件不存在，跳过: 2025_10_02.csv
2025-10-09 11:42:59,160 - WARNING - upload_data_by_type:260 - ⚠ 文件不存在，跳过: 2025_10_01.csv
2025-10-09 11:42:59,160 - WARNING - upload_data_by_type:260 - ⚠ 文件不存在，跳过: 2025_09_30.csv
2025-10-09 11:42:59,161 - WARNING - upload_data_by_type:260 - ⚠ 文件不存在，跳过: 2025_09_29.csv
2025-10-09 11:42:59,161 - WARNING - upload_data_by_type:260 - ⚠ 文件不存在，跳过: 2025_09_28.csv
2025-10-09 11:42:59,161 - WARNING - upload_data_by_type:260 - ⚠ 文件不存在，跳过: 2025_09_27.csv
2025-10-09 11:42:59,161 - WARNING - upload_data_by_type:260 - ⚠ 文件不存在，跳过: 2025_09_26.csv
2025-10-09 11:42:59,161 - WARNING - upload_data_by_type:260 - ⚠ 文件不存在，跳过: 2025_09_25.csv
2025-10-09 11:42:59,161 - WARNING - upload_data_by_type:260 - ⚠ 文件不存在，跳过: 2025_09_24.csv
2025-10-09 11:42:59,161 - WARNING - upload_data_by_type:260 - ⚠ 文件不存在，跳过: 2025_09_23.csv
2025-10-09 11:42:59,161 - WARNING - upload_data_by_type:260 - ⚠ 文件不存在，跳过: 2025_09_22.csv
2025-10-09 11:42:59,161 - WARNING - upload_data_by_type:260 - ⚠ 文件不存在，跳过: 2025_09_21.csv
2025-10-09 11:42:59,161 - WARNING - upload_data_by_type:260 - ⚠ 文件不存在，跳过: 2025_09_20.csv
2025-10-09 11:42:59,161 - WARNING - upload_data_by_type:260 - ⚠ 文件不存在，跳过: 2025_09_19.csv
2025-10-09 11:42:59,161 - WARNING - upload_data_by_type:260 - ⚠ 文件不存在，跳过: 2025_09_18.csv
2025-10-09 11:42:59,162 - WARNING - upload_data_by_type:260 - ⚠ 文件不存在，跳过: 2025_09_17.csv
2025-10-09 11:42:59,162 - WARNING - upload_data_by_type:260 - ⚠ 文件不存在，跳过: 2025_09_16.csv
2025-10-09 11:42:59,162 - WARNING - upload_data_by_type:260 - ⚠ 文件不存在，跳过: 2025_09_15.csv
2025-10-09 11:42:59,162 - WARNING - upload_data_by_type:260 - ⚠ 文件不存在，跳过: 2025_09_14.csv
2025-10-09 11:42:59,162 - WARNING - upload_data_by_type:260 - ⚠ 文件不存在，跳过: 2025_09_13.csv
2025-10-09 11:42:59,162 - WARNING - upload_data_by_type:260 - ⚠ 文件不存在，跳过: 2025_09_12.csv
2025-10-09 11:42:59,162 - WARNING - upload_data_by_type:260 - ⚠ 文件不存在，跳过: 2025_09_11.csv
2025-10-09 11:42:59,162 - WARNING - upload_data_by_type:260 - ⚠ 文件不存在，跳过: 2025_09_10.csv
2025-10-09 11:42:59,162 - WARNING - upload_data_by_type:260 - ⚠ 文件不存在，跳过: 2025_09_09.csv
2025-10-09 11:42:59,162 - WARNING - upload_data_by_type:260 - ⚠ 文件不存在，跳过: 2025_09_08.csv
2025-10-09 11:42:59,162 - WARNING - upload_data_by_type:260 - ⚠ 文件不存在，跳过: 2025_09_07.csv
2025-10-09 11:42:59,162 - WARNING - upload_data_by_type:260 - ⚠ 文件不存在，跳过: 2025_09_06.csv
2025-10-09 11:42:59,162 - WARNING - upload_data_by_type:260 - ⚠ 文件不存在，跳过: 2025_09_05.csv
2025-10-09 11:42:59,162 - WARNING - upload_data_by_type:260 - ⚠ 文件不存在，跳过: 2025_09_04.csv
2025-10-09 11:42:59,162 - WARNING - upload_data_by_type:260 - ⚠ 文件不存在，跳过: 2025_09_03.csv
2025-10-09 11:42:59,164 - WARNING - upload_data_by_type:260 - ⚠ 文件不存在，跳过: 2025_09_02.csv
2025-10-09 11:42:59,164 - WARNING - upload_data_by_type:260 - ⚠ 文件不存在，跳过: 2025_09_01.csv
2025-10-09 11:42:59,164 - WARNING - upload_data_by_type:260 - ⚠ 文件不存在，跳过: 2025_08_31.csv
2025-10-09 11:42:59,164 - WARNING - upload_data_by_type:260 - ⚠ 文件不存在，跳过: 2025_08_30.csv
2025-10-09 11:42:59,164 - WARNING - upload_data_by_type:260 - ⚠ 文件不存在，跳过: 2025_08_29.csv
2025-10-09 11:42:59,164 - WARNING - upload_data_by_type:260 - ⚠ 文件不存在，跳过: 2025_08_28.csv
2025-10-09 11:42:59,164 - WARNING - upload_data_by_type:260 - ⚠ 文件不存在，跳过: 2025_08_27.csv
2025-10-09 11:42:59,164 - WARNING - upload_data_by_type:260 - ⚠ 文件不存在，跳过: 2025_08_26.csv
2025-10-09 11:42:59,164 - WARNING - upload_data_by_type:260 - ⚠ 文件不存在，跳过: 2025_08_25.csv
2025-10-09 11:42:59,164 - WARNING - upload_data_by_type:260 - ⚠ 文件不存在，跳过: 2025_08_24.csv
2025-10-09 11:42:59,164 - WARNING - upload_data_by_type:260 - ⚠ 文件不存在，跳过: 2025_08_23.csv
2025-10-09 11:42:59,165 - WARNING - upload_data_by_type:260 - ⚠ 文件不存在，跳过: 2025_08_22.csv
2025-10-09 11:42:59,165 - WARNING - upload_data_by_type:260 - ⚠ 文件不存在，跳过: 2025_08_21.csv
2025-10-09 11:42:59,165 - WARNING - upload_data_by_type:260 - ⚠ 文件不存在，跳过: 2025_08_20.csv
2025-10-09 11:42:59,165 - WARNING - upload_data_by_type:260 - ⚠ 文件不存在，跳过: 2025_08_19.csv
2025-10-09 11:42:59,165 - WARNING - upload_data_by_type:260 - ⚠ 文件不存在，跳过: 2025_08_18.csv
2025-10-09 11:42:59,165 - WARNING - upload_data_by_type:260 - ⚠ 文件不存在，跳过: 2025_08_17.csv
2025-10-09 11:42:59,165 - WARNING - upload_data_by_type:260 - ⚠ 文件不存在，跳过: 2025_08_16.csv
2025-10-09 11:42:59,165 - WARNING - upload_data_by_type:260 - ⚠ 文件不存在，跳过: 2025_08_15.csv
2025-10-09 11:42:59,165 - WARNING - upload_data_by_type:260 - ⚠ 文件不存在，跳过: 2025_08_14.csv
2025-10-09 11:42:59,165 - WARNING - upload_data_by_type:260 - ⚠ 文件不存在，跳过: 2025_08_13.csv
2025-10-09 11:42:59,165 - WARNING - upload_data_by_type:260 - ⚠ 文件不存在，跳过: 2025_08_12.csv
2025-10-09 11:42:59,165 - WARNING - upload_data_by_type:260 - ⚠ 文件不存在，跳过: 2025_08_11.csv
2025-10-09 11:42:59,166 - WARNING - upload_data_by_type:260 - ⚠ 文件不存在，跳过: 2025_08_10.csv
2025-10-09 11:42:59,166 - INFO - upload_data_by_type:274 - 传感器数据上传完成 - 成功: 0, 失败: 61, 总计: 61
2025-10-09 11:42:59,166 - INFO - main:334 - 开始执行操作日志上传任务...
2025-10-09 11:42:59,166 - INFO - upload_data_by_type:244 - 开始批量上传操作日志... (DRY-RUN)
2025-10-09 11:42:59,166 - INFO - get_recent_filenames:169 - 生成操作日志文件名列表，共61个文件，时间范围：61天
2025-10-09 11:42:59,166 - WARNING - upload_data_by_type:260 - ⚠ 文件不存在，跳过: 2025_10_09.txt
2025-10-09 11:42:59,166 - WARNING - upload_data_by_type:260 - ⚠ 文件不存在，跳过: 2025_10_08.txt
2025-10-09 11:42:59,166 - WARNING - upload_data_by_type:260 - ⚠ 文件不存在，跳过: 2025_10_07.txt
2025-10-09 11:42:59,166 - WARNING - upload_data_by_type:260 - ⚠ 文件不存在，跳过: 2025_10_06.txt
2025-10-09 11:42:59,167 - WARNING - upload_data_by_type:260 - ⚠ 文件不存在，跳过: 2025_10_05.txt
2025-10-09 11:42:59,167 - WARNING - upload_data_by_type:260 - ⚠ 文件不存在，跳过: 2025_10_04.txt
2025-10-09 11:42:59,167 - WARNING - upload_data_by_type:260 - ⚠ 文件不存在，跳过: 2025_10_03.txt
2025-10-09 11:42:59,167 - WARNING - upload_data_by_type:260 - ⚠ 文件不存在，跳过: 2025_10_02.txt
2025-10-09 11:42:59,167 - WARNING - upload_data_by_type:260 - ⚠ 文件不存在，跳过: 2025_10_01.txt
2025-10-09 11:42:59,167 - WARNING - upload_data_by_type:260 - ⚠ 文件不存在，跳过: 2025_09_30.txt
2025-10-09 11:42:59,167 - WARNING - upload_data_by_type:260 - ⚠ 文件不存在，跳过: 2025_09_29.txt
2025-10-09 11:42:59,167 - WARNING - upload_data_by_type:260 - ⚠ 文件不存在，跳过: 2025_09_28.txt
2025-10-09 11:42:59,167 - WARNING - upload_data_by_type:260 - ⚠ 文件不存在，跳过: 2025_09_27.txt
2025-10-09 11:42:59,167 - WARNING - upload_data_by_type:260 - ⚠ 文件不存在，跳过: 2025_09_26.txt
2025-10-09 11:42:59,167 - WARNING - upload_data_by_type:260 - ⚠ 文件不存在，跳过: 2025_09_25.txt
2025-10-09 11:42:59,167 - WARNING - upload_data_by_type:260 - ⚠ 文件不存在，跳过: 2025_09_24.txt
2025-10-09 11:42:59,168 - WARNING - upload_data_by_type:260 - ⚠ 文件不存在，跳过: 2025_09_23.txt
2025-10-09 11:42:59,168 - WARNING - upload_data_by_type:260 - ⚠ 文件不存在，跳过: 2025_09_22.txt
2025-10-09 11:42:59,168 - WARNING - upload_data_by_type:260 - ⚠ 文件不存在，跳过: 2025_09_21.txt
2025-10-09 11:42:59,168 - WARNING - upload_data_by_type:260 - ⚠ 文件不存在，跳过: 2025_09_20.txt
2025-10-09 11:42:59,168 - WARNING - upload_data_by_type:260 - ⚠ 文件不存在，跳过: 2025_09_19.txt
2025-10-09 11:42:59,168 - WARNING - upload_data_by_type:260 - ⚠ 文件不存在，跳过: 2025_09_18.txt
2025-10-09 11:42:59,168 - WARNING - upload_data_by_type:260 - ⚠ 文件不存在，跳过: 2025_09_17.txt
2025-10-09 11:42:59,168 - WARNING - upload_data_by_type:260 - ⚠ 文件不存在，跳过: 2025_09_16.txt
2025-10-09 11:42:59,168 - WARNING - upload_data_by_type:260 - ⚠ 文件不存在，跳过: 2025_09_15.txt
2025-10-09 11:42:59,168 - WARNING - upload_data_by_type:260 - ⚠ 文件不存在，跳过: 2025_09_14.txt
2025-10-09 11:42:59,168 - WARNING - upload_data_by_type:260 - ⚠ 文件不存在，跳过: 2025_09_13.txt
2025-10-09 11:42:59,168 - WARNING - upload_data_by_type:260 - ⚠ 文件不存在，跳过: 2025_09_12.txt
2025-10-09 11:42:59,169 - WARNING - upload_data_by_type:260 - ⚠ 文件不存在，跳过: 2025_09_11.txt
2025-10-09 11:42:59,169 - WARNING - upload_data_by_type:260 - ⚠ 文件不存在，跳过: 2025_09_10.txt
2025-10-09 11:42:59,169 - WARNING - upload_data_by_type:260 - ⚠ 文件不存在，跳过: 2025_09_09.txt
2025-10-09 11:42:59,169 - WARNING - upload_data_by_type:260 - ⚠ 文件不存在，跳过: 2025_09_08.txt
2025-10-09 11:42:59,169 - WARNING - upload_data_by_type:260 - ⚠ 文件不存在，跳过: 2025_09_07.txt
2025-10-09 11:42:59,169 - WARNING - upload_data_by_type:260 - ⚠ 文件不存在，跳过: 2025_09_06.txt
2025-10-09 11:42:59,169 - WARNING - upload_data_by_type:260 - ⚠ 文件不存在，跳过: 2025_09_05.txt
2025-10-09 11:42:59,169 - WARNING - upload_data_by_type:260 - ⚠ 文件不存在，跳过: 2025_09_04.txt
2025-10-09 11:42:59,169 - WARNING - upload_data_by_type:260 - ⚠ 文件不存在，跳过: 2025_09_03.txt
2025-10-09 11:42:59,169 - WARNING - upload_data_by_type:260 - ⚠ 文件不存在，跳过: 2025_09_02.txt
2025-10-09 11:42:59,169 - WARNING - upload_data_by_type:260 - ⚠ 文件不存在，跳过: 2025_09_01.txt
2025-10-09 11:42:59,170 - WARNING - upload_data_by_type:260 - ⚠ 文件不存在，跳过: 2025_08_31.txt
2025-10-09 11:42:59,170 - WARNING - upload_data_by_type:260 - ⚠ 文件不存在，跳过: 2025_08_30.txt
2025-10-09 11:42:59,170 - WARNING - upload_data_by_type:260 - ⚠ 文件不存在，跳过: 2025_08_29.txt
2025-10-09 11:42:59,170 - WARNING - upload_data_by_type:260 - ⚠ 文件不存在，跳过: 2025_08_28.txt
2025-10-09 11:42:59,170 - WARNING - upload_data_by_type:260 - ⚠ 文件不存在，跳过: 2025_08_27.txt
2025-10-09 11:42:59,170 - WARNING - upload_data_by_type:260 - ⚠ 文件不存在，跳过: 2025_08_26.txt
2025-10-09 11:42:59,170 - WARNING - upload_data_by_type:260 - ⚠ 文件不存在，跳过: 2025_08_25.txt
2025-10-09 11:42:59,170 - WARNING - upload_data_by_type:260 - ⚠ 文件不存在，跳过: 2025_08_24.txt
2025-10-09 11:42:59,170 - WARNING - upload_data_by_type:260 - ⚠ 文件不存在，跳过: 2025_08_23.txt
2025-10-09 11:42:59,170 - WARNING - upload_data_by_type:260 - ⚠ 文件不存在，跳过: 2025_08_22.txt
2025-10-09 11:42:59,170 - WARNING - upload_data_by_type:260 - ⚠ 文件不存在，跳过: 2025_08_21.txt
2025-10-09 11:42:59,170 - WARNING - upload_data_by_type:260 - ⚠ 文件不存在，跳过: 2025_08_20.txt
2025-10-09 11:42:59,171 - WARNING - upload_data_by_type:260 - ⚠ 文件不存在，跳过: 2025_08_19.txt
2025-10-09 11:42:59,171 - WARNING - upload_data_by_type:260 - ⚠ 文件不存在，跳过: 2025_08_18.txt
2025-10-09 11:42:59,171 - WARNING - upload_data_by_type:260 - ⚠ 文件不存在，跳过: 2025_08_17.txt
2025-10-09 11:42:59,171 - WARNING - upload_data_by_type:260 - ⚠ 文件不存在，跳过: 2025_08_16.txt
2025-10-09 11:42:59,171 - WARNING - upload_data_by_type:260 - ⚠ 文件不存在，跳过: 2025_08_15.txt
2025-10-09 11:42:59,171 - WARNING - upload_data_by_type:260 - ⚠ 文件不存在，跳过: 2025_08_14.txt
2025-10-09 11:42:59,171 - WARNING - upload_data_by_type:260 - ⚠ 文件不存在，跳过: 2025_08_13.txt
2025-10-09 11:42:59,171 - WARNING - upload_data_by_type:260 - ⚠ 文件不存在，跳过: 2025_08_12.txt
2025-10-09 11:42:59,171 - WARNING - upload_data_by_type:260 - ⚠ 文件不存在，跳过: 2025_08_11.txt
2025-10-09 11:42:59,171 - WARNING - upload_data_by_type:260 - ⚠ 文件不存在，跳过: 2025_08_10.txt
2025-10-09 11:42:59,171 - INFO - upload_data_by_type:274 - 操作日志上传完成 - 成功: 0, 失败: 61, 总计: 61
2025-10-09 11:42:59,171 - INFO - main:334 - 开始执行采集图像上传任务...
2025-10-09 11:42:59,171 - INFO - upload_data_by_type:244 - 开始批量上传采集图像... (DRY-RUN)
2025-10-09 11:42:59,171 - INFO - get_recent_filenames:169 - 生成采集图像文件名列表，共61个文件，时间范围：61天
2025-10-09 11:42:59,171 - WARNING - upload_data_by_type:260 - ⚠ 文件不存在，跳过: image_20251009.csv
2025-10-09 11:42:59,172 - WARNING - upload_data_by_type:260 - ⚠ 文件不存在，跳过: image_20251008.csv
2025-10-09 11:42:59,172 - WARNING - upload_data_by_type:260 - ⚠ 文件不存在，跳过: image_20251007.csv
2025-10-09 11:42:59,172 - WARNING - upload_data_by_type:260 - ⚠ 文件不存在，跳过: image_20251006.csv
2025-10-09 11:42:59,172 - WARNING - upload_data_by_type:260 - ⚠ 文件不存在，跳过: image_20251005.csv
2025-10-09 11:42:59,172 - WARNING - upload_data_by_type:260 - ⚠ 文件不存在，跳过: image_20251004.csv
2025-10-09 11:42:59,172 - WARNING - upload_data_by_type:260 - ⚠ 文件不存在，跳过: image_20251003.csv
2025-10-09 11:42:59,172 - WARNING - upload_data_by_type:260 - ⚠ 文件不存在，跳过: image_20251002.csv
2025-10-09 11:42:59,172 - WARNING - upload_data_by_type:260 - ⚠ 文件不存在，跳过: image_20251001.csv
2025-10-09 11:42:59,172 - WARNING - upload_data_by_type:260 - ⚠ 文件不存在，跳过: image_20250930.csv
2025-10-09 11:42:59,172 - WARNING - upload_data_by_type:260 - ⚠ 文件不存在，跳过: image_20250929.csv
2025-10-09 11:42:59,172 - WARNING - upload_data_by_type:260 - ⚠ 文件不存在，跳过: image_20250928.csv
2025-10-09 11:42:59,172 - WARNING - upload_data_by_type:260 - ⚠ 文件不存在，跳过: image_20250927.csv
2025-10-09 11:42:59,173 - WARNING - upload_data_by_type:260 - ⚠ 文件不存在，跳过: image_20250926.csv
2025-10-09 11:42:59,173 - WARNING - upload_data_by_type:260 - ⚠ 文件不存在，跳过: image_20250925.csv
2025-10-09 11:42:59,173 - WARNING - upload_data_by_type:260 - ⚠ 文件不存在，跳过: image_20250924.csv
2025-10-09 11:42:59,173 - WARNING - upload_data_by_type:260 - ⚠ 文件不存在，跳过: image_20250923.csv
2025-10-09 11:42:59,173 - WARNING - upload_data_by_type:260 - ⚠ 文件不存在，跳过: image_20250922.csv
2025-10-09 11:42:59,173 - WARNING - upload_data_by_type:260 - ⚠ 文件不存在，跳过: image_20250921.csv
2025-10-09 11:42:59,173 - WARNING - upload_data_by_type:260 - ⚠ 文件不存在，跳过: image_20250920.csv
2025-10-09 11:42:59,173 - WARNING - upload_data_by_type:260 - ⚠ 文件不存在，跳过: image_20250919.csv
2025-10-09 11:42:59,173 - WARNING - upload_data_by_type:260 - ⚠ 文件不存在，跳过: image_20250918.csv
2025-10-09 11:42:59,173 - WARNING - upload_data_by_type:260 - ⚠ 文件不存在，跳过: image_20250917.csv
2025-10-09 11:42:59,173 - WARNING - upload_data_by_type:260 - ⚠ 文件不存在，跳过: image_20250916.csv
2025-10-09 11:42:59,173 - WARNING - upload_data_by_type:260 - ⚠ 文件不存在，跳过: image_20250915.csv
2025-10-09 11:42:59,173 - WARNING - upload_data_by_type:260 - ⚠ 文件不存在，跳过: image_20250914.csv
2025-10-09 11:42:59,173 - WARNING - upload_data_by_type:260 - ⚠ 文件不存在，跳过: image_20250913.csv
2025-10-09 11:42:59,174 - WARNING - upload_data_by_type:260 - ⚠ 文件不存在，跳过: image_20250912.csv
2025-10-09 11:42:59,174 - WARNING - upload_data_by_type:260 - ⚠ 文件不存在，跳过: image_20250911.csv
2025-10-09 11:42:59,174 - WARNING - upload_data_by_type:260 - ⚠ 文件不存在，跳过: image_20250910.csv
2025-10-09 11:42:59,174 - WARNING - upload_data_by_type:260 - ⚠ 文件不存在，跳过: image_20250909.csv
2025-10-09 11:42:59,174 - WARNING - upload_data_by_type:260 - ⚠ 文件不存在，跳过: image_20250908.csv
2025-10-09 11:42:59,174 - WARNING - upload_data_by_type:260 - ⚠ 文件不存在，跳过: image_20250907.csv
2025-10-09 11:42:59,174 - WARNING - upload_data_by_type:260 - ⚠ 文件不存在，跳过: image_20250906.csv
2025-10-09 11:42:59,174 - WARNING - upload_data_by_type:260 - ⚠ 文件不存在，跳过: image_20250905.csv
2025-10-09 11:42:59,174 - WARNING - upload_data_by_type:260 - ⚠ 文件不存在，跳过: image_20250904.csv
2025-10-09 11:42:59,174 - WARNING - upload_data_by_type:260 - ⚠ 文件不存在，跳过: image_20250903.csv
2025-10-09 11:42:59,174 - WARNING - upload_data_by_type:260 - ⚠ 文件不存在，跳过: image_20250902.csv
2025-10-09 11:42:59,174 - WARNING - upload_data_by_type:260 - ⚠ 文件不存在，跳过: image_20250901.csv
2025-10-09 11:42:59,175 - WARNING - upload_data_by_type:260 - ⚠ 文件不存在，跳过: image_20250831.csv
2025-10-09 11:42:59,175 - WARNING - upload_data_by_type:260 - ⚠ 文件不存在，跳过: image_20250830.csv
2025-10-09 11:42:59,175 - WARNING - upload_data_by_type:260 - ⚠ 文件不存在，跳过: image_20250829.csv
2025-10-09 11:42:59,175 - WARNING - upload_data_by_type:260 - ⚠ 文件不存在，跳过: image_20250828.csv
2025-10-09 11:42:59,175 - WARNING - upload_data_by_type:260 - ⚠ 文件不存在，跳过: image_20250827.csv
2025-10-09 11:42:59,175 - WARNING - upload_data_by_type:260 - ⚠ 文件不存在，跳过: image_20250826.csv
2025-10-09 11:42:59,175 - WARNING - upload_data_by_type:260 - ⚠ 文件不存在，跳过: image_20250825.csv
2025-10-09 11:42:59,175 - WARNING - upload_data_by_type:260 - ⚠ 文件不存在，跳过: image_20250824.csv
2025-10-09 11:42:59,175 - WARNING - upload_data_by_type:260 - ⚠ 文件不存在，跳过: image_20250823.csv
2025-10-09 11:42:59,175 - WARNING - upload_data_by_type:260 - ⚠ 文件不存在，跳过: image_20250822.csv
2025-10-09 11:42:59,175 - WARNING - upload_data_by_type:260 - ⚠ 文件不存在，跳过: image_20250821.csv
2025-10-09 11:42:59,175 - WARNING - upload_data_by_type:260 - ⚠ 文件不存在，跳过: image_20250820.csv
2025-10-09 11:42:59,175 - WARNING - upload_data_by_type:260 - ⚠ 文件不存在，跳过: image_20250819.csv
2025-10-09 11:42:59,176 - WARNING - upload_data_by_type:260 - ⚠ 文件不存在，跳过: image_20250818.csv
2025-10-09 11:42:59,176 - WARNING - upload_data_by_type:260 - ⚠ 文件不存在，跳过: image_20250817.csv
2025-10-09 11:42:59,176 - WARNING - upload_data_by_type:260 - ⚠ 文件不存在，跳过: image_20250816.csv
2025-10-09 11:42:59,176 - WARNING - upload_data_by_type:260 - ⚠ 文件不存在，跳过: image_20250815.csv
2025-10-09 11:42:59,176 - WARNING - upload_data_by_type:260 - ⚠ 文件不存在，跳过: image_20250814.csv
2025-10-09 11:42:59,176 - WARNING - upload_data_by_type:260 - ⚠ 文件不存在，跳过: image_20250813.csv
2025-10-09 11:42:59,176 - WARNING - upload_data_by_type:260 - ⚠ 文件不存在，跳过: image_20250812.csv
2025-10-09 11:42:59,176 - WARNING - upload_data_by_type:260 - ⚠ 文件不存在，跳过: image_20250811.csv
2025-10-09 11:42:59,176 - WARNING - upload_data_by_type:260 - ⚠ 文件不存在，跳过: image_20250810.csv
2025-10-09 11:42:59,176 - INFO - upload_data_by_type:274 - 采集图像上传完成 - 成功: 0, 失败: 61, 总计: 61
2025-10-09 11:42:59,176 - INFO - main:346 - ==================================================
2025-10-09 11:42:59,176 - INFO - main:347 - 所有上传任务完成
2025-10-09 11:42:59,176 - INFO - main:348 - 总体统计 - 成功: 0, 失败: 183, 总计: 183
2025-10-09 11:42:59,176 - INFO - main:350 - 成功率: 0.0%
2025-10-09 11:42:59,176 - INFO - main:351 - ==================================================
2025-10-09 14:20:24,344 - INFO - main:312 - ==================================================
2025-10-09 14:20:24,344 - INFO - main:313 - 日本养殖项目数据上传任务开始
2025-10-09 14:20:24,360 - INFO - main:315 - 当前为干运行模式（不会实际上传，仅打印与统计）。可通过环境变量 AIJ_UPLOAD_DRY_RUN=0 关闭
2025-10-09 14:20:24,360 - INFO - main:316 - ==================================================
2025-10-09 14:20:24,360 - WARNING - validate_config:68 - 目录不存在: C:\Users\37897\Desktop\japan_data\sensor_data (数据类型: 传感器数据)
2025-10-09 14:20:24,360 - WARNING - validate_config:68 - 目录不存在: C:\Users\37897\Desktop\japan_data\operation_logs (数据类型: 操作日志)
2025-10-09 14:20:24,360 - WARNING - validate_config:68 - 目录不存在: C:\Users\37897\Desktop\japan_data\collected_images (数据类型: 采集图像)
2025-10-09 14:20:24,360 - INFO - main:334 - 开始执行传感器数据上传任务...
2025-10-09 14:20:24,360 - INFO - upload_data_by_type:244 - 开始批量上传传感器数据... (DRY-RUN)
2025-10-09 14:20:24,362 - INFO - get_recent_filenames:169 - 生成传感器数据文件名列表，共61个文件，时间范围：61天
2025-10-09 14:20:24,362 - WARNING - upload_data_by_type:260 - ⚠ 文件不存在，跳过: 2025_10_09.csv
2025-10-09 14:20:24,362 - WARNING - upload_data_by_type:260 - ⚠ 文件不存在，跳过: 2025_10_08.csv
2025-10-09 14:20:24,362 - WARNING - upload_data_by_type:260 - ⚠ 文件不存在，跳过: 2025_10_07.csv
2025-10-09 14:20:24,362 - WARNING - upload_data_by_type:260 - ⚠ 文件不存在，跳过: 2025_10_06.csv
2025-10-09 14:20:24,363 - WARNING - upload_data_by_type:260 - ⚠ 文件不存在，跳过: 2025_10_05.csv
2025-10-09 14:20:24,363 - WARNING - upload_data_by_type:260 - ⚠ 文件不存在，跳过: 2025_10_04.csv
2025-10-09 14:20:24,363 - WARNING - upload_data_by_type:260 - ⚠ 文件不存在，跳过: 2025_10_03.csv
2025-10-09 14:20:24,363 - WARNING - upload_data_by_type:260 - ⚠ 文件不存在，跳过: 2025_10_02.csv
2025-10-09 14:20:24,363 - WARNING - upload_data_by_type:260 - ⚠ 文件不存在，跳过: 2025_10_01.csv
2025-10-09 14:20:24,363 - WARNING - upload_data_by_type:260 - ⚠ 文件不存在，跳过: 2025_09_30.csv
2025-10-09 14:20:24,363 - WARNING - upload_data_by_type:260 - ⚠ 文件不存在，跳过: 2025_09_29.csv
2025-10-09 14:20:24,363 - WARNING - upload_data_by_type:260 - ⚠ 文件不存在，跳过: 2025_09_28.csv
2025-10-09 14:20:24,364 - WARNING - upload_data_by_type:260 - ⚠ 文件不存在，跳过: 2025_09_27.csv
2025-10-09 14:20:24,364 - WARNING - upload_data_by_type:260 - ⚠ 文件不存在，跳过: 2025_09_26.csv
2025-10-09 14:20:24,364 - WARNING - upload_data_by_type:260 - ⚠ 文件不存在，跳过: 2025_09_25.csv
2025-10-09 14:20:24,364 - WARNING - upload_data_by_type:260 - ⚠ 文件不存在，跳过: 2025_09_24.csv
2025-10-09 14:20:24,364 - WARNING - upload_data_by_type:260 - ⚠ 文件不存在，跳过: 2025_09_23.csv
2025-10-09 14:20:24,364 - WARNING - upload_data_by_type:260 - ⚠ 文件不存在，跳过: 2025_09_22.csv
2025-10-09 14:20:24,364 - WARNING - upload_data_by_type:260 - ⚠ 文件不存在，跳过: 2025_09_21.csv
2025-10-09 14:20:24,364 - WARNING - upload_data_by_type:260 - ⚠ 文件不存在，跳过: 2025_09_20.csv
2025-10-09 14:20:24,364 - WARNING - upload_data_by_type:260 - ⚠ 文件不存在，跳过: 2025_09_19.csv
2025-10-09 14:20:24,364 - WARNING - upload_data_by_type:260 - ⚠ 文件不存在，跳过: 2025_09_18.csv
2025-10-09 14:20:24,364 - WARNING - upload_data_by_type:260 - ⚠ 文件不存在，跳过: 2025_09_17.csv
2025-10-09 14:20:24,364 - WARNING - upload_data_by_type:260 - ⚠ 文件不存在，跳过: 2025_09_16.csv
2025-10-09 14:20:24,365 - WARNING - upload_data_by_type:260 - ⚠ 文件不存在，跳过: 2025_09_15.csv
2025-10-09 14:20:24,365 - WARNING - upload_data_by_type:260 - ⚠ 文件不存在，跳过: 2025_09_14.csv
2025-10-09 14:20:24,365 - WARNING - upload_data_by_type:260 - ⚠ 文件不存在，跳过: 2025_09_13.csv
2025-10-09 14:20:24,365 - WARNING - upload_data_by_type:260 - ⚠ 文件不存在，跳过: 2025_09_12.csv
2025-10-09 14:20:24,365 - WARNING - upload_data_by_type:260 - ⚠ 文件不存在，跳过: 2025_09_11.csv
2025-10-09 14:20:24,365 - WARNING - upload_data_by_type:260 - ⚠ 文件不存在，跳过: 2025_09_10.csv
2025-10-09 14:20:24,365 - WARNING - upload_data_by_type:260 - ⚠ 文件不存在，跳过: 2025_09_09.csv
2025-10-09 14:20:24,365 - WARNING - upload_data_by_type:260 - ⚠ 文件不存在，跳过: 2025_09_08.csv
2025-10-09 14:20:24,365 - WARNING - upload_data_by_type:260 - ⚠ 文件不存在，跳过: 2025_09_07.csv
2025-10-09 14:20:24,365 - WARNING - upload_data_by_type:260 - ⚠ 文件不存在，跳过: 2025_09_06.csv
2025-10-09 14:20:24,365 - WARNING - upload_data_by_type:260 - ⚠ 文件不存在，跳过: 2025_09_05.csv
2025-10-09 14:20:24,365 - WARNING - upload_data_by_type:260 - ⚠ 文件不存在，跳过: 2025_09_04.csv
2025-10-09 14:20:24,366 - WARNING - upload_data_by_type:260 - ⚠ 文件不存在，跳过: 2025_09_03.csv
2025-10-09 14:20:24,366 - WARNING - upload_data_by_type:260 - ⚠ 文件不存在，跳过: 2025_09_02.csv
2025-10-09 14:20:24,366 - WARNING - upload_data_by_type:260 - ⚠ 文件不存在，跳过: 2025_09_01.csv
2025-10-09 14:20:24,366 - WARNING - upload_data_by_type:260 - ⚠ 文件不存在，跳过: 2025_08_31.csv
2025-10-09 14:20:24,366 - WARNING - upload_data_by_type:260 - ⚠ 文件不存在，跳过: 2025_08_30.csv
2025-10-09 14:20:24,366 - WARNING - upload_data_by_type:260 - ⚠ 文件不存在，跳过: 2025_08_29.csv
2025-10-09 14:20:24,366 - WARNING - upload_data_by_type:260 - ⚠ 文件不存在，跳过: 2025_08_28.csv
2025-10-09 14:20:24,366 - WARNING - upload_data_by_type:260 - ⚠ 文件不存在，跳过: 2025_08_27.csv
2025-10-09 14:20:24,366 - WARNING - upload_data_by_type:260 - ⚠ 文件不存在，跳过: 2025_08_26.csv
2025-10-09 14:20:24,366 - WARNING - upload_data_by_type:260 - ⚠ 文件不存在，跳过: 2025_08_25.csv
2025-10-09 14:20:24,366 - WARNING - upload_data_by_type:260 - ⚠ 文件不存在，跳过: 2025_08_24.csv
2025-10-09 14:20:24,366 - WARNING - upload_data_by_type:260 - ⚠ 文件不存在，跳过: 2025_08_23.csv
2025-10-09 14:20:24,366 - WARNING - upload_data_by_type:260 - ⚠ 文件不存在，跳过: 2025_08_22.csv
2025-10-09 14:20:24,367 - WARNING - upload_data_by_type:260 - ⚠ 文件不存在，跳过: 2025_08_21.csv
2025-10-09 14:20:24,367 - WARNING - upload_data_by_type:260 - ⚠ 文件不存在，跳过: 2025_08_20.csv
2025-10-09 14:20:24,367 - WARNING - upload_data_by_type:260 - ⚠ 文件不存在，跳过: 2025_08_19.csv
2025-10-09 14:20:24,367 - WARNING - upload_data_by_type:260 - ⚠ 文件不存在，跳过: 2025_08_18.csv
2025-10-09 14:20:24,367 - WARNING - upload_data_by_type:260 - ⚠ 文件不存在，跳过: 2025_08_17.csv
2025-10-09 14:20:24,367 - WARNING - upload_data_by_type:260 - ⚠ 文件不存在，跳过: 2025_08_16.csv
2025-10-09 14:20:24,367 - WARNING - upload_data_by_type:260 - ⚠ 文件不存在，跳过: 2025_08_15.csv
2025-10-09 14:20:24,367 - WARNING - upload_data_by_type:260 - ⚠ 文件不存在，跳过: 2025_08_14.csv
2025-10-09 14:20:24,367 - WARNING - upload_data_by_type:260 - ⚠ 文件不存在，跳过: 2025_08_13.csv
2025-10-09 14:20:24,367 - WARNING - upload_data_by_type:260 - ⚠ 文件不存在，跳过: 2025_08_12.csv
2025-10-09 14:20:24,367 - WARNING - upload_data_by_type:260 - ⚠ 文件不存在，跳过: 2025_08_11.csv
2025-10-09 14:20:24,367 - WARNING - upload_data_by_type:260 - ⚠ 文件不存在，跳过: 2025_08_10.csv
2025-10-09 14:20:24,368 - INFO - upload_data_by_type:274 - 传感器数据上传完成 - 成功: 0, 失败: 61, 总计: 61
2025-10-09 14:20:24,368 - INFO - main:334 - 开始执行操作日志上传任务...
2025-10-09 14:20:24,368 - INFO - upload_data_by_type:244 - 开始批量上传操作日志... (DRY-RUN)
2025-10-09 14:20:24,368 - INFO - get_recent_filenames:169 - 生成操作日志文件名列表，共61个文件，时间范围：61天
2025-10-09 14:20:24,368 - WARNING - upload_data_by_type:260 - ⚠ 文件不存在，跳过: 2025_10_09.txt
2025-10-09 14:20:24,368 - WARNING - upload_data_by_type:260 - ⚠ 文件不存在，跳过: 2025_10_08.txt
2025-10-09 14:20:24,368 - WARNING - upload_data_by_type:260 - ⚠ 文件不存在，跳过: 2025_10_07.txt
2025-10-09 14:20:24,368 - WARNING - upload_data_by_type:260 - ⚠ 文件不存在，跳过: 2025_10_06.txt
2025-10-09 14:20:24,368 - WARNING - upload_data_by_type:260 - ⚠ 文件不存在，跳过: 2025_10_05.txt
2025-10-09 14:20:24,368 - WARNING - upload_data_by_type:260 - ⚠ 文件不存在，跳过: 2025_10_04.txt
2025-10-09 14:20:24,369 - WARNING - upload_data_by_type:260 - ⚠ 文件不存在，跳过: 2025_10_03.txt
2025-10-09 14:20:24,369 - WARNING - upload_data_by_type:260 - ⚠ 文件不存在，跳过: 2025_10_02.txt
2025-10-09 14:20:24,369 - WARNING - upload_data_by_type:260 - ⚠ 文件不存在，跳过: 2025_10_01.txt
2025-10-09 14:20:24,369 - WARNING - upload_data_by_type:260 - ⚠ 文件不存在，跳过: 2025_09_30.txt
2025-10-09 14:20:24,369 - WARNING - upload_data_by_type:260 - ⚠ 文件不存在，跳过: 2025_09_29.txt
2025-10-09 14:20:24,369 - WARNING - upload_data_by_type:260 - ⚠ 文件不存在，跳过: 2025_09_28.txt
2025-10-09 14:20:24,369 - WARNING - upload_data_by_type:260 - ⚠ 文件不存在，跳过: 2025_09_27.txt
2025-10-09 14:20:24,369 - WARNING - upload_data_by_type:260 - ⚠ 文件不存在，跳过: 2025_09_26.txt
2025-10-09 14:20:24,369 - WARNING - upload_data_by_type:260 - ⚠ 文件不存在，跳过: 2025_09_25.txt
2025-10-09 14:20:24,369 - WARNING - upload_data_by_type:260 - ⚠ 文件不存在，跳过: 2025_09_24.txt
2025-10-09 14:20:24,369 - WARNING - upload_data_by_type:260 - ⚠ 文件不存在，跳过: 2025_09_23.txt
2025-10-09 14:20:24,369 - WARNING - upload_data_by_type:260 - ⚠ 文件不存在，跳过: 2025_09_22.txt
2025-10-09 14:20:24,370 - WARNING - upload_data_by_type:260 - ⚠ 文件不存在，跳过: 2025_09_21.txt
2025-10-09 14:20:24,370 - WARNING - upload_data_by_type:260 - ⚠ 文件不存在，跳过: 2025_09_20.txt
2025-10-09 14:20:24,370 - WARNING - upload_data_by_type:260 - ⚠ 文件不存在，跳过: 2025_09_19.txt
2025-10-09 14:20:24,370 - WARNING - upload_data_by_type:260 - ⚠ 文件不存在，跳过: 2025_09_18.txt
2025-10-09 14:20:24,370 - WARNING - upload_data_by_type:260 - ⚠ 文件不存在，跳过: 2025_09_17.txt
2025-10-09 14:20:24,370 - WARNING - upload_data_by_type:260 - ⚠ 文件不存在，跳过: 2025_09_16.txt
2025-10-09 14:20:24,370 - WARNING - upload_data_by_type:260 - ⚠ 文件不存在，跳过: 2025_09_15.txt
2025-10-09 14:20:24,370 - WARNING - upload_data_by_type:260 - ⚠ 文件不存在，跳过: 2025_09_14.txt
2025-10-09 14:20:24,370 - WARNING - upload_data_by_type:260 - ⚠ 文件不存在，跳过: 2025_09_13.txt
2025-10-09 14:20:24,370 - WARNING - upload_data_by_type:260 - ⚠ 文件不存在，跳过: 2025_09_12.txt
2025-10-09 14:20:24,370 - WARNING - upload_data_by_type:260 - ⚠ 文件不存在，跳过: 2025_09_11.txt
2025-10-09 14:20:24,370 - WARNING - upload_data_by_type:260 - ⚠ 文件不存在，跳过: 2025_09_10.txt
2025-10-09 14:20:24,370 - WARNING - upload_data_by_type:260 - ⚠ 文件不存在，跳过: 2025_09_09.txt
2025-10-09 14:20:24,371 - WARNING - upload_data_by_type:260 - ⚠ 文件不存在，跳过: 2025_09_08.txt
2025-10-09 14:20:24,371 - WARNING - upload_data_by_type:260 - ⚠ 文件不存在，跳过: 2025_09_07.txt
2025-10-09 14:20:24,371 - WARNING - upload_data_by_type:260 - ⚠ 文件不存在，跳过: 2025_09_06.txt
2025-10-09 14:20:24,371 - WARNING - upload_data_by_type:260 - ⚠ 文件不存在，跳过: 2025_09_05.txt
2025-10-09 14:20:24,371 - WARNING - upload_data_by_type:260 - ⚠ 文件不存在，跳过: 2025_09_04.txt
2025-10-09 14:20:24,371 - WARNING - upload_data_by_type:260 - ⚠ 文件不存在，跳过: 2025_09_03.txt
2025-10-09 14:20:24,371 - WARNING - upload_data_by_type:260 - ⚠ 文件不存在，跳过: 2025_09_02.txt
2025-10-09 14:20:24,371 - WARNING - upload_data_by_type:260 - ⚠ 文件不存在，跳过: 2025_09_01.txt
2025-10-09 14:20:24,371 - WARNING - upload_data_by_type:260 - ⚠ 文件不存在，跳过: 2025_08_31.txt
2025-10-09 14:20:24,371 - WARNING - upload_data_by_type:260 - ⚠ 文件不存在，跳过: 2025_08_30.txt
2025-10-09 14:20:24,371 - WARNING - upload_data_by_type:260 - ⚠ 文件不存在，跳过: 2025_08_29.txt
2025-10-09 14:20:24,371 - WARNING - upload_data_by_type:260 - ⚠ 文件不存在，跳过: 2025_08_28.txt
2025-10-09 14:20:24,371 - WARNING - upload_data_by_type:260 - ⚠ 文件不存在，跳过: 2025_08_27.txt
2025-10-09 14:20:24,372 - WARNING - upload_data_by_type:260 - ⚠ 文件不存在，跳过: 2025_08_26.txt
2025-10-09 14:20:24,372 - WARNING - upload_data_by_type:260 - ⚠ 文件不存在，跳过: 2025_08_25.txt
2025-10-09 14:20:24,372 - WARNING - upload_data_by_type:260 - ⚠ 文件不存在，跳过: 2025_08_24.txt
2025-10-09 14:20:24,372 - WARNING - upload_data_by_type:260 - ⚠ 文件不存在，跳过: 2025_08_23.txt
2025-10-09 14:20:24,372 - WARNING - upload_data_by_type:260 - ⚠ 文件不存在，跳过: 2025_08_22.txt
2025-10-09 14:20:24,372 - WARNING - upload_data_by_type:260 - ⚠ 文件不存在，跳过: 2025_08_21.txt
2025-10-09 14:20:24,372 - WARNING - upload_data_by_type:260 - ⚠ 文件不存在，跳过: 2025_08_20.txt
2025-10-09 14:20:24,372 - WARNING - upload_data_by_type:260 - ⚠ 文件不存在，跳过: 2025_08_19.txt
2025-10-09 14:20:24,372 - WARNING - upload_data_by_type:260 - ⚠ 文件不存在，跳过: 2025_08_18.txt
2025-10-09 14:20:24,372 - WARNING - upload_data_by_type:260 - ⚠ 文件不存在，跳过: 2025_08_17.txt
2025-10-09 14:20:24,372 - WARNING - upload_data_by_type:260 - ⚠ 文件不存在，跳过: 2025_08_16.txt
2025-10-09 14:20:24,372 - WARNING - upload_data_by_type:260 - ⚠ 文件不存在，跳过: 2025_08_15.txt
2025-10-09 14:20:24,372 - WARNING - upload_data_by_type:260 - ⚠ 文件不存在，跳过: 2025_08_14.txt
2025-10-09 14:20:24,372 - WARNING - upload_data_by_type:260 - ⚠ 文件不存在，跳过: 2025_08_13.txt
2025-10-09 14:20:24,372 - WARNING - upload_data_by_type:260 - ⚠ 文件不存在，跳过: 2025_08_12.txt
2025-10-09 14:20:24,372 - WARNING - upload_data_by_type:260 - ⚠ 文件不存在，跳过: 2025_08_11.txt
2025-10-09 14:20:24,372 - WARNING - upload_data_by_type:260 - ⚠ 文件不存在，跳过: 2025_08_10.txt
2025-10-09 14:20:24,372 - INFO - upload_data_by_type:274 - 操作日志上传完成 - 成功: 0, 失败: 61, 总计: 61
2025-10-09 14:20:24,372 - INFO - main:334 - 开始执行采集图像上传任务...
2025-10-09 14:20:24,372 - INFO - upload_data_by_type:244 - 开始批量上传采集图像... (DRY-RUN)
2025-10-09 14:20:24,373 - INFO - get_recent_filenames:169 - 生成采集图像文件名列表，共61个文件，时间范围：61天
2025-10-09 14:20:24,373 - WARNING - upload_data_by_type:260 - ⚠ 文件不存在，跳过: image_20251009.csv
2025-10-09 14:20:24,373 - WARNING - upload_data_by_type:260 - ⚠ 文件不存在，跳过: image_20251008.csv
2025-10-09 14:20:24,373 - WARNING - upload_data_by_type:260 - ⚠ 文件不存在，跳过: image_20251007.csv
2025-10-09 14:20:24,373 - WARNING - upload_data_by_type:260 - ⚠ 文件不存在，跳过: image_20251006.csv
2025-10-09 14:20:24,373 - WARNING - upload_data_by_type:260 - ⚠ 文件不存在，跳过: image_20251005.csv
2025-10-09 14:20:24,373 - WARNING - upload_data_by_type:260 - ⚠ 文件不存在，跳过: image_20251004.csv
2025-10-09 14:20:24,373 - WARNING - upload_data_by_type:260 - ⚠ 文件不存在，跳过: image_20251003.csv
2025-10-09 14:20:24,373 - WARNING - upload_data_by_type:260 - ⚠ 文件不存在，跳过: image_20251002.csv
2025-10-09 14:20:24,374 - WARNING - upload_data_by_type:260 - ⚠ 文件不存在，跳过: image_20251001.csv
2025-10-09 14:20:24,374 - WARNING - upload_data_by_type:260 - ⚠ 文件不存在，跳过: image_20250930.csv
2025-10-09 14:20:24,374 - WARNING - upload_data_by_type:260 - ⚠ 文件不存在，跳过: image_20250929.csv
2025-10-09 14:20:24,374 - WARNING - upload_data_by_type:260 - ⚠ 文件不存在，跳过: image_20250928.csv
2025-10-09 14:20:24,374 - WARNING - upload_data_by_type:260 - ⚠ 文件不存在，跳过: image_20250927.csv
2025-10-09 14:20:24,374 - WARNING - upload_data_by_type:260 - ⚠ 文件不存在，跳过: image_20250926.csv
2025-10-09 14:20:24,374 - WARNING - upload_data_by_type:260 - ⚠ 文件不存在，跳过: image_20250925.csv
2025-10-09 14:20:24,374 - WARNING - upload_data_by_type:260 - ⚠ 文件不存在，跳过: image_20250924.csv
2025-10-09 14:20:24,374 - WARNING - upload_data_by_type:260 - ⚠ 文件不存在，跳过: image_20250923.csv
2025-10-09 14:20:24,374 - WARNING - upload_data_by_type:260 - ⚠ 文件不存在，跳过: image_20250922.csv
2025-10-09 14:20:24,374 - WARNING - upload_data_by_type:260 - ⚠ 文件不存在，跳过: image_20250921.csv
2025-10-09 14:20:24,374 - WARNING - upload_data_by_type:260 - ⚠ 文件不存在，跳过: image_20250920.csv
2025-10-09 14:20:24,374 - WARNING - upload_data_by_type:260 - ⚠ 文件不存在，跳过: image_20250919.csv
2025-10-09 14:20:24,375 - WARNING - upload_data_by_type:260 - ⚠ 文件不存在，跳过: image_20250918.csv
2025-10-09 14:20:24,375 - WARNING - upload_data_by_type:260 - ⚠ 文件不存在，跳过: image_20250917.csv
2025-10-09 14:20:24,375 - WARNING - upload_data_by_type:260 - ⚠ 文件不存在，跳过: image_20250916.csv
2025-10-09 14:20:24,375 - WARNING - upload_data_by_type:260 - ⚠ 文件不存在，跳过: image_20250915.csv
2025-10-09 14:20:24,375 - WARNING - upload_data_by_type:260 - ⚠ 文件不存在，跳过: image_20250914.csv
2025-10-09 14:20:24,375 - WARNING - upload_data_by_type:260 - ⚠ 文件不存在，跳过: image_20250913.csv
2025-10-09 14:20:24,375 - WARNING - upload_data_by_type:260 - ⚠ 文件不存在，跳过: image_20250912.csv
2025-10-09 14:20:24,375 - WARNING - upload_data_by_type:260 - ⚠ 文件不存在，跳过: image_20250911.csv
2025-10-09 14:20:24,375 - WARNING - upload_data_by_type:260 - ⚠ 文件不存在，跳过: image_20250910.csv
2025-10-09 14:20:24,375 - WARNING - upload_data_by_type:260 - ⚠ 文件不存在，跳过: image_20250909.csv
2025-10-09 14:20:24,375 - WARNING - upload_data_by_type:260 - ⚠ 文件不存在，跳过: image_20250908.csv
2025-10-09 14:20:24,375 - WARNING - upload_data_by_type:260 - ⚠ 文件不存在，跳过: image_20250907.csv
2025-10-09 14:20:24,375 - WARNING - upload_data_by_type:260 - ⚠ 文件不存在，跳过: image_20250906.csv
2025-10-09 14:20:24,376 - WARNING - upload_data_by_type:260 - ⚠ 文件不存在，跳过: image_20250905.csv
2025-10-09 14:20:24,376 - WARNING - upload_data_by_type:260 - ⚠ 文件不存在，跳过: image_20250904.csv
2025-10-09 14:20:24,376 - WARNING - upload_data_by_type:260 - ⚠ 文件不存在，跳过: image_20250903.csv
2025-10-09 14:20:24,376 - WARNING - upload_data_by_type:260 - ⚠ 文件不存在，跳过: image_20250902.csv
2025-10-09 14:20:24,376 - WARNING - upload_data_by_type:260 - ⚠ 文件不存在，跳过: image_20250901.csv
2025-10-09 14:20:24,376 - WARNING - upload_data_by_type:260 - ⚠ 文件不存在，跳过: image_20250831.csv
2025-10-09 14:20:24,376 - WARNING - upload_data_by_type:260 - ⚠ 文件不存在，跳过: image_20250830.csv
2025-10-09 14:20:24,376 - WARNING - upload_data_by_type:260 - ⚠ 文件不存在，跳过: image_20250829.csv
2025-10-09 14:20:24,376 - WARNING - upload_data_by_type:260 - ⚠ 文件不存在，跳过: image_20250828.csv
2025-10-09 14:20:24,376 - WARNING - upload_data_by_type:260 - ⚠ 文件不存在，跳过: image_20250827.csv
2025-10-09 14:20:24,376 - WARNING - upload_data_by_type:260 - ⚠ 文件不存在，跳过: image_20250826.csv
2025-10-09 14:20:24,376 - WARNING - upload_data_by_type:260 - ⚠ 文件不存在，跳过: image_20250825.csv
2025-10-09 14:20:24,377 - WARNING - upload_data_by_type:260 - ⚠ 文件不存在，跳过: image_20250824.csv
2025-10-09 14:20:24,377 - WARNING - upload_data_by_type:260 - ⚠ 文件不存在，跳过: image_20250823.csv
2025-10-09 14:20:24,377 - WARNING - upload_data_by_type:260 - ⚠ 文件不存在，跳过: image_20250822.csv
2025-10-09 14:20:24,377 - WARNING - upload_data_by_type:260 - ⚠ 文件不存在，跳过: image_20250821.csv
2025-10-09 14:20:24,377 - WARNING - upload_data_by_type:260 - ⚠ 文件不存在，跳过: image_20250820.csv
2025-10-09 14:20:24,377 - WARNING - upload_data_by_type:260 - ⚠ 文件不存在，跳过: image_20250819.csv
2025-10-09 14:20:24,377 - WARNING - upload_data_by_type:260 - ⚠ 文件不存在，跳过: image_20250818.csv
2025-10-09 14:20:24,377 - WARNING - upload_data_by_type:260 - ⚠ 文件不存在，跳过: image_20250817.csv
2025-10-09 14:20:24,377 - WARNING - upload_data_by_type:260 - ⚠ 文件不存在，跳过: image_20250816.csv
2025-10-09 14:20:24,377 - WARNING - upload_data_by_type:260 - ⚠ 文件不存在，跳过: image_20250815.csv
2025-10-09 14:20:24,377 - WARNING - upload_data_by_type:260 - ⚠ 文件不存在，跳过: image_20250814.csv
2025-10-09 14:20:24,377 - WARNING - upload_data_by_type:260 - ⚠ 文件不存在，跳过: image_20250813.csv
2025-10-09 14:20:24,378 - WARNING - upload_data_by_type:260 - ⚠ 文件不存在，跳过: image_20250812.csv
2025-10-09 14:20:24,378 - WARNING - upload_data_by_type:260 - ⚠ 文件不存在，跳过: image_20250811.csv
2025-10-09 14:20:24,378 - WARNING - upload_data_by_type:260 - ⚠ 文件不存在，跳过: image_20250810.csv
2025-10-09 14:20:24,378 - INFO - upload_data_by_type:274 - 采集图像上传完成 - 成功: 0, 失败: 61, 总计: 61
2025-10-09 14:20:24,378 - INFO - main:346 - ==================================================
2025-10-09 14:20:24,378 - INFO - main:347 - 所有上传任务完成
2025-10-09 14:20:24,378 - INFO - main:348 - 总体统计 - 成功: 0, 失败: 183, 总计: 183
2025-10-09 14:20:24,378 - INFO - main:350 - 成功率: 0.0%
2025-10-09 14:20:24,378 - INFO - main:351 - ==================================================
2025-10-09 14:24:08,682 - INFO - main:312 - ==================================================
2025-10-09 14:24:08,682 - INFO - main:313 - 日本养殖项目数据上传任务开始
2025-10-09 14:24:08,682 - INFO - main:316 - ==================================================
2025-10-09 14:24:08,682 - WARNING - validate_config:68 - 目录不存在: C:\Users\37897\Desktop\japan_data\sensor_data (数据类型: 传感器数据)
2025-10-09 14:24:08,682 - WARNING - validate_config:68 - 目录不存在: C:\Users\37897\Desktop\japan_data\operation_logs (数据类型: 操作日志)
2025-10-09 14:24:08,683 - WARNING - validate_config:68 - 目录不存在: C:\Users\37897\Desktop\japan_data\collected_images (数据类型: 采集图像)
2025-10-09 14:24:08,683 - INFO - main:334 - 开始执行传感器数据上传任务...
2025-10-09 14:24:08,683 - INFO - upload_data_by_type:244 - 开始批量上传传感器数据...
2025-10-09 14:24:08,683 - INFO - get_recent_filenames:169 - 生成传感器数据文件名列表，共61个文件，时间范围：61天
2025-10-09 14:24:08,683 - WARNING - upload_data_by_type:260 - ⚠ 文件不存在，跳过: 2025_10_09.csv
2025-10-09 14:24:08,683 - WARNING - upload_data_by_type:260 - ⚠ 文件不存在，跳过: 2025_10_08.csv
2025-10-09 14:24:08,683 - WARNING - upload_data_by_type:260 - ⚠ 文件不存在，跳过: 2025_10_07.csv
2025-10-09 14:24:08,683 - WARNING - upload_data_by_type:260 - ⚠ 文件不存在，跳过: 2025_10_06.csv
2025-10-09 14:24:08,684 - WARNING - upload_data_by_type:260 - ⚠ 文件不存在，跳过: 2025_10_05.csv
2025-10-09 14:24:08,684 - WARNING - upload_data_by_type:260 - ⚠ 文件不存在，跳过: 2025_10_04.csv
2025-10-09 14:24:08,684 - WARNING - upload_data_by_type:260 - ⚠ 文件不存在，跳过: 2025_10_03.csv
2025-10-09 14:24:08,684 - WARNING - upload_data_by_type:260 - ⚠ 文件不存在，跳过: 2025_10_02.csv
2025-10-09 14:24:08,684 - WARNING - upload_data_by_type:260 - ⚠ 文件不存在，跳过: 2025_10_01.csv
2025-10-09 14:24:08,684 - WARNING - upload_data_by_type:260 - ⚠ 文件不存在，跳过: 2025_09_30.csv
2025-10-09 14:24:08,684 - WARNING - upload_data_by_type:260 - ⚠ 文件不存在，跳过: 2025_09_29.csv
2025-10-09 14:24:08,684 - WARNING - upload_data_by_type:260 - ⚠ 文件不存在，跳过: 2025_09_28.csv
2025-10-09 14:24:08,684 - WARNING - upload_data_by_type:260 - ⚠ 文件不存在，跳过: 2025_09_27.csv
2025-10-09 14:24:08,684 - WARNING - upload_data_by_type:260 - ⚠ 文件不存在，跳过: 2025_09_26.csv
2025-10-09 14:24:08,684 - WARNING - upload_data_by_type:260 - ⚠ 文件不存在，跳过: 2025_09_25.csv
2025-10-09 14:24:08,685 - WARNING - upload_data_by_type:260 - ⚠ 文件不存在，跳过: 2025_09_24.csv
2025-10-09 14:24:08,685 - WARNING - upload_data_by_type:260 - ⚠ 文件不存在，跳过: 2025_09_23.csv
2025-10-09 14:24:08,685 - WARNING - upload_data_by_type:260 - ⚠ 文件不存在，跳过: 2025_09_22.csv
2025-10-09 14:24:08,685 - WARNING - upload_data_by_type:260 - ⚠ 文件不存在，跳过: 2025_09_21.csv
2025-10-09 14:24:08,685 - WARNING - upload_data_by_type:260 - ⚠ 文件不存在，跳过: 2025_09_20.csv
2025-10-09 14:24:08,685 - WARNING - upload_data_by_type:260 - ⚠ 文件不存在，跳过: 2025_09_19.csv
2025-10-09 14:24:08,685 - WARNING - upload_data_by_type:260 - ⚠ 文件不存在，跳过: 2025_09_18.csv
2025-10-09 14:24:08,685 - WARNING - upload_data_by_type:260 - ⚠ 文件不存在，跳过: 2025_09_17.csv
2025-10-09 14:24:08,685 - WARNING - upload_data_by_type:260 - ⚠ 文件不存在，跳过: 2025_09_16.csv
2025-10-09 14:24:08,685 - WARNING - upload_data_by_type:260 - ⚠ 文件不存在，跳过: 2025_09_15.csv
2025-10-09 14:24:08,685 - WARNING - upload_data_by_type:260 - ⚠ 文件不存在，跳过: 2025_09_14.csv
2025-10-09 14:24:08,685 - WARNING - upload_data_by_type:260 - ⚠ 文件不存在，跳过: 2025_09_13.csv
2025-10-09 14:24:08,685 - WARNING - upload_data_by_type:260 - ⚠ 文件不存在，跳过: 2025_09_12.csv
2025-10-09 14:24:08,686 - WARNING - upload_data_by_type:260 - ⚠ 文件不存在，跳过: 2025_09_11.csv
2025-10-09 14:24:08,686 - WARNING - upload_data_by_type:260 - ⚠ 文件不存在，跳过: 2025_09_10.csv
2025-10-09 14:24:08,686 - WARNING - upload_data_by_type:260 - ⚠ 文件不存在，跳过: 2025_09_09.csv
2025-10-09 14:24:08,686 - WARNING - upload_data_by_type:260 - ⚠ 文件不存在，跳过: 2025_09_08.csv
2025-10-09 14:24:08,686 - WARNING - upload_data_by_type:260 - ⚠ 文件不存在，跳过: 2025_09_07.csv
2025-10-09 14:24:08,686 - WARNING - upload_data_by_type:260 - ⚠ 文件不存在，跳过: 2025_09_06.csv
2025-10-09 14:24:08,686 - WARNING - upload_data_by_type:260 - ⚠ 文件不存在，跳过: 2025_09_05.csv
2025-10-09 14:24:08,686 - WARNING - upload_data_by_type:260 - ⚠ 文件不存在，跳过: 2025_09_04.csv
2025-10-09 14:24:08,686 - WARNING - upload_data_by_type:260 - ⚠ 文件不存在，跳过: 2025_09_03.csv
2025-10-09 14:24:08,686 - WARNING - upload_data_by_type:260 - ⚠ 文件不存在，跳过: 2025_09_02.csv
2025-10-09 14:24:08,686 - WARNING - upload_data_by_type:260 - ⚠ 文件不存在，跳过: 2025_09_01.csv
2025-10-09 14:24:08,686 - WARNING - upload_data_by_type:260 - ⚠ 文件不存在，跳过: 2025_08_31.csv
2025-10-09 14:24:08,687 - WARNING - upload_data_by_type:260 - ⚠ 文件不存在，跳过: 2025_08_30.csv
2025-10-09 14:24:08,687 - WARNING - upload_data_by_type:260 - ⚠ 文件不存在，跳过: 2025_08_29.csv
2025-10-09 14:24:08,687 - WARNING - upload_data_by_type:260 - ⚠ 文件不存在，跳过: 2025_08_28.csv
2025-10-09 14:24:08,687 - WARNING - upload_data_by_type:260 - ⚠ 文件不存在，跳过: 2025_08_27.csv
2025-10-09 14:24:08,687 - WARNING - upload_data_by_type:260 - ⚠ 文件不存在，跳过: 2025_08_26.csv
2025-10-09 14:24:08,687 - WARNING - upload_data_by_type:260 - ⚠ 文件不存在，跳过: 2025_08_25.csv
2025-10-09 14:24:08,687 - WARNING - upload_data_by_type:260 - ⚠ 文件不存在，跳过: 2025_08_24.csv
2025-10-09 14:24:08,687 - WARNING - upload_data_by_type:260 - ⚠ 文件不存在，跳过: 2025_08_23.csv
2025-10-09 14:24:08,687 - WARNING - upload_data_by_type:260 - ⚠ 文件不存在，跳过: 2025_08_22.csv
2025-10-09 14:24:08,687 - WARNING - upload_data_by_type:260 - ⚠ 文件不存在，跳过: 2025_08_21.csv
2025-10-09 14:24:08,687 - WARNING - upload_data_by_type:260 - ⚠ 文件不存在，跳过: 2025_08_20.csv
2025-10-09 14:24:08,687 - WARNING - upload_data_by_type:260 - ⚠ 文件不存在，跳过: 2025_08_19.csv
2025-10-09 14:24:08,688 - WARNING - upload_data_by_type:260 - ⚠ 文件不存在，跳过: 2025_08_18.csv
2025-10-09 14:24:08,688 - WARNING - upload_data_by_type:260 - ⚠ 文件不存在，跳过: 2025_08_17.csv
2025-10-09 14:24:08,688 - WARNING - upload_data_by_type:260 - ⚠ 文件不存在，跳过: 2025_08_16.csv
2025-10-09 14:24:08,688 - WARNING - upload_data_by_type:260 - ⚠ 文件不存在，跳过: 2025_08_15.csv
2025-10-09 14:24:08,688 - WARNING - upload_data_by_type:260 - ⚠ 文件不存在，跳过: 2025_08_14.csv
2025-10-09 14:24:08,688 - WARNING - upload_data_by_type:260 - ⚠ 文件不存在，跳过: 2025_08_13.csv
2025-10-09 14:24:08,688 - WARNING - upload_data_by_type:260 - ⚠ 文件不存在，跳过: 2025_08_12.csv
2025-10-09 14:24:08,688 - WARNING - upload_data_by_type:260 - ⚠ 文件不存在，跳过: 2025_08_11.csv
2025-10-09 14:24:08,688 - WARNING - upload_data_by_type:260 - ⚠ 文件不存在，跳过: 2025_08_10.csv
2025-10-09 14:24:08,688 - INFO - upload_data_by_type:274 - 传感器数据上传完成 - 成功: 0, 失败: 61, 总计: 61
2025-10-09 14:24:08,688 - INFO - main:334 - 开始执行操作日志上传任务...
2025-10-09 14:24:08,688 - INFO - upload_data_by_type:244 - 开始批量上传操作日志...
2025-10-09 14:24:08,689 - INFO - get_recent_filenames:169 - 生成操作日志文件名列表，共61个文件，时间范围：61天
2025-10-09 14:24:08,689 - WARNING - upload_data_by_type:260 - ⚠ 文件不存在，跳过: 2025_10_09.txt
2025-10-09 14:24:08,689 - WARNING - upload_data_by_type:260 - ⚠ 文件不存在，跳过: 2025_10_08.txt
2025-10-09 14:24:08,689 - WARNING - upload_data_by_type:260 - ⚠ 文件不存在，跳过: 2025_10_07.txt
2025-10-09 14:24:08,689 - WARNING - upload_data_by_type:260 - ⚠ 文件不存在，跳过: 2025_10_06.txt
2025-10-09 14:24:08,689 - WARNING - upload_data_by_type:260 - ⚠ 文件不存在，跳过: 2025_10_05.txt
2025-10-09 14:24:08,689 - WARNING - upload_data_by_type:260 - ⚠ 文件不存在，跳过: 2025_10_04.txt
2025-10-09 14:24:08,689 - WARNING - upload_data_by_type:260 - ⚠ 文件不存在，跳过: 2025_10_03.txt
2025-10-09 14:24:08,689 - WARNING - upload_data_by_type:260 - ⚠ 文件不存在，跳过: 2025_10_02.txt
2025-10-09 14:24:08,689 - WARNING - upload_data_by_type:260 - ⚠ 文件不存在，跳过: 2025_10_01.txt
2025-10-09 14:24:08,690 - WARNING - upload_data_by_type:260 - ⚠ 文件不存在，跳过: 2025_09_30.txt
2025-10-09 14:24:08,690 - WARNING - upload_data_by_type:260 - ⚠ 文件不存在，跳过: 2025_09_29.txt
2025-10-09 14:24:08,690 - WARNING - upload_data_by_type:260 - ⚠ 文件不存在，跳过: 2025_09_28.txt
2025-10-09 14:24:08,690 - WARNING - upload_data_by_type:260 - ⚠ 文件不存在，跳过: 2025_09_27.txt
2025-10-09 14:24:08,690 - WARNING - upload_data_by_type:260 - ⚠ 文件不存在，跳过: 2025_09_26.txt
2025-10-09 14:24:08,690 - WARNING - upload_data_by_type:260 - ⚠ 文件不存在，跳过: 2025_09_25.txt
2025-10-09 14:24:08,690 - WARNING - upload_data_by_type:260 - ⚠ 文件不存在，跳过: 2025_09_24.txt
2025-10-09 14:24:08,691 - WARNING - upload_data_by_type:260 - ⚠ 文件不存在，跳过: 2025_09_23.txt
2025-10-09 14:24:08,691 - WARNING - upload_data_by_type:260 - ⚠ 文件不存在，跳过: 2025_09_22.txt
2025-10-09 14:24:08,691 - WARNING - upload_data_by_type:260 - ⚠ 文件不存在，跳过: 2025_09_21.txt
2025-10-09 14:24:08,691 - WARNING - upload_data_by_type:260 - ⚠ 文件不存在，跳过: 2025_09_20.txt
2025-10-09 14:24:08,691 - WARNING - upload_data_by_type:260 - ⚠ 文件不存在，跳过: 2025_09_19.txt
2025-10-09 14:24:08,691 - WARNING - upload_data_by_type:260 - ⚠ 文件不存在，跳过: 2025_09_18.txt
2025-10-09 14:24:08,691 - WARNING - upload_data_by_type:260 - ⚠ 文件不存在，跳过: 2025_09_17.txt
2025-10-09 14:24:08,691 - WARNING - upload_data_by_type:260 - ⚠ 文件不存在，跳过: 2025_09_16.txt
2025-10-09 14:24:08,691 - WARNING - upload_data_by_type:260 - ⚠ 文件不存在，跳过: 2025_09_15.txt
2025-10-09 14:24:08,691 - WARNING - upload_data_by_type:260 - ⚠ 文件不存在，跳过: 2025_09_14.txt
2025-10-09 14:24:08,691 - WARNING - upload_data_by_type:260 - ⚠ 文件不存在，跳过: 2025_09_13.txt
2025-10-09 14:24:08,691 - WARNING - upload_data_by_type:260 - ⚠ 文件不存在，跳过: 2025_09_12.txt
2025-10-09 14:24:08,692 - WARNING - upload_data_by_type:260 - ⚠ 文件不存在，跳过: 2025_09_11.txt
2025-10-09 14:24:08,692 - WARNING - upload_data_by_type:260 - ⚠ 文件不存在，跳过: 2025_09_10.txt
2025-10-09 14:24:08,692 - WARNING - upload_data_by_type:260 - ⚠ 文件不存在，跳过: 2025_09_09.txt
2025-10-09 14:24:08,692 - WARNING - upload_data_by_type:260 - ⚠ 文件不存在，跳过: 2025_09_08.txt
2025-10-09 14:24:08,692 - WARNING - upload_data_by_type:260 - ⚠ 文件不存在，跳过: 2025_09_07.txt
2025-10-09 14:24:08,692 - WARNING - upload_data_by_type:260 - ⚠ 文件不存在，跳过: 2025_09_06.txt
2025-10-09 14:24:08,692 - WARNING - upload_data_by_type:260 - ⚠ 文件不存在，跳过: 2025_09_05.txt
2025-10-09 14:24:08,692 - WARNING - upload_data_by_type:260 - ⚠ 文件不存在，跳过: 2025_09_04.txt
2025-10-09 14:24:08,692 - WARNING - upload_data_by_type:260 - ⚠ 文件不存在，跳过: 2025_09_03.txt
2025-10-09 14:24:08,692 - WARNING - upload_data_by_type:260 - ⚠ 文件不存在，跳过: 2025_09_02.txt
2025-10-09 14:24:08,692 - WARNING - upload_data_by_type:260 - ⚠ 文件不存在，跳过: 2025_09_01.txt
2025-10-09 14:24:08,692 - WARNING - upload_data_by_type:260 - ⚠ 文件不存在，跳过: 2025_08_31.txt
2025-10-09 14:24:08,692 - WARNING - upload_data_by_type:260 - ⚠ 文件不存在，跳过: 2025_08_30.txt
2025-10-09 14:24:08,693 - WARNING - upload_data_by_type:260 - ⚠ 文件不存在，跳过: 2025_08_29.txt
2025-10-09 14:24:08,693 - WARNING - upload_data_by_type:260 - ⚠ 文件不存在，跳过: 2025_08_28.txt
2025-10-09 14:24:08,693 - WARNING - upload_data_by_type:260 - ⚠ 文件不存在，跳过: 2025_08_27.txt
2025-10-09 14:24:08,693 - WARNING - upload_data_by_type:260 - ⚠ 文件不存在，跳过: 2025_08_26.txt
2025-10-09 14:24:08,693 - WARNING - upload_data_by_type:260 - ⚠ 文件不存在，跳过: 2025_08_25.txt
2025-10-09 14:24:08,693 - WARNING - upload_data_by_type:260 - ⚠ 文件不存在，跳过: 2025_08_24.txt
2025-10-09 14:24:08,693 - WARNING - upload_data_by_type:260 - ⚠ 文件不存在，跳过: 2025_08_23.txt
2025-10-09 14:24:08,693 - WARNING - upload_data_by_type:260 - ⚠ 文件不存在，跳过: 2025_08_22.txt
2025-10-09 14:24:08,693 - WARNING - upload_data_by_type:260 - ⚠ 文件不存在，跳过: 2025_08_21.txt
2025-10-09 14:24:08,693 - WARNING - upload_data_by_type:260 - ⚠ 文件不存在，跳过: 2025_08_20.txt
2025-10-09 14:24:08,693 - WARNING - upload_data_by_type:260 - ⚠ 文件不存在，跳过: 2025_08_19.txt
2025-10-09 14:24:08,693 - WARNING - upload_data_by_type:260 - ⚠ 文件不存在，跳过: 2025_08_18.txt
2025-10-09 14:24:08,693 - WARNING - upload_data_by_type:260 - ⚠ 文件不存在，跳过: 2025_08_17.txt
2025-10-09 14:24:08,694 - WARNING - upload_data_by_type:260 - ⚠ 文件不存在，跳过: 2025_08_16.txt
2025-10-09 14:24:08,694 - WARNING - upload_data_by_type:260 - ⚠ 文件不存在，跳过: 2025_08_15.txt
2025-10-09 14:24:08,694 - WARNING - upload_data_by_type:260 - ⚠ 文件不存在，跳过: 2025_08_14.txt
2025-10-09 14:24:08,694 - WARNING - upload_data_by_type:260 - ⚠ 文件不存在，跳过: 2025_08_13.txt
2025-10-09 14:24:08,694 - WARNING - upload_data_by_type:260 - ⚠ 文件不存在，跳过: 2025_08_12.txt
2025-10-09 14:24:08,694 - WARNING - upload_data_by_type:260 - ⚠ 文件不存在，跳过: 2025_08_11.txt
2025-10-09 14:24:08,694 - WARNING - upload_data_by_type:260 - ⚠ 文件不存在，跳过: 2025_08_10.txt
2025-10-09 14:24:08,694 - INFO - upload_data_by_type:274 - 操作日志上传完成 - 成功: 0, 失败: 61, 总计: 61
2025-10-09 14:24:08,694 - INFO - main:334 - 开始执行采集图像上传任务...
2025-10-09 14:24:08,694 - INFO - upload_data_by_type:244 - 开始批量上传采集图像...
2025-10-09 14:24:08,695 - INFO - get_recent_filenames:169 - 生成采集图像文件名列表，共61个文件，时间范围：61天
2025-10-09 14:24:08,695 - WARNING - upload_data_by_type:260 - ⚠ 文件不存在，跳过: image_20251009.csv
2025-10-09 14:24:08,695 - WARNING - upload_data_by_type:260 - ⚠ 文件不存在，跳过: image_20251008.csv
2025-10-09 14:24:08,695 - WARNING - upload_data_by_type:260 - ⚠ 文件不存在，跳过: image_20251007.csv
2025-10-09 14:24:08,695 - WARNING - upload_data_by_type:260 - ⚠ 文件不存在，跳过: image_20251006.csv
2025-10-09 14:24:08,695 - WARNING - upload_data_by_type:260 - ⚠ 文件不存在，跳过: image_20251005.csv
2025-10-09 14:24:08,695 - WARNING - upload_data_by_type:260 - ⚠ 文件不存在，跳过: image_20251004.csv
2025-10-09 14:24:08,695 - WARNING - upload_data_by_type:260 - ⚠ 文件不存在，跳过: image_20251003.csv
2025-10-09 14:24:08,695 - WARNING - upload_data_by_type:260 - ⚠ 文件不存在，跳过: image_20251002.csv
2025-10-09 14:24:08,695 - WARNING - upload_data_by_type:260 - ⚠ 文件不存在，跳过: image_20251001.csv
2025-10-09 14:24:08,695 - WARNING - upload_data_by_type:260 - ⚠ 文件不存在，跳过: image_20250930.csv
2025-10-09 14:24:08,695 - WARNING - upload_data_by_type:260 - ⚠ 文件不存在，跳过: image_20250929.csv
2025-10-09 14:24:08,696 - WARNING - upload_data_by_type:260 - ⚠ 文件不存在，跳过: image_20250928.csv
2025-10-09 14:24:08,696 - WARNING - upload_data_by_type:260 - ⚠ 文件不存在，跳过: image_20250927.csv
2025-10-09 14:24:08,696 - WARNING - upload_data_by_type:260 - ⚠ 文件不存在，跳过: image_20250926.csv
2025-10-09 14:24:08,696 - WARNING - upload_data_by_type:260 - ⚠ 文件不存在，跳过: image_20250925.csv
2025-10-09 14:24:08,696 - WARNING - upload_data_by_type:260 - ⚠ 文件不存在，跳过: image_20250924.csv
2025-10-09 14:24:08,696 - WARNING - upload_data_by_type:260 - ⚠ 文件不存在，跳过: image_20250923.csv
2025-10-09 14:24:08,696 - WARNING - upload_data_by_type:260 - ⚠ 文件不存在，跳过: image_20250922.csv
2025-10-09 14:24:08,696 - WARNING - upload_data_by_type:260 - ⚠ 文件不存在，跳过: image_20250921.csv
2025-10-09 14:24:08,696 - WARNING - upload_data_by_type:260 - ⚠ 文件不存在，跳过: image_20250920.csv
2025-10-09 14:24:08,696 - WARNING - upload_data_by_type:260 - ⚠ 文件不存在，跳过: image_20250919.csv
2025-10-09 14:24:08,696 - WARNING - upload_data_by_type:260 - ⚠ 文件不存在，跳过: image_20250918.csv
2025-10-09 14:24:08,696 - WARNING - upload_data_by_type:260 - ⚠ 文件不存在，跳过: image_20250917.csv
2025-10-09 14:24:08,696 - WARNING - upload_data_by_type:260 - ⚠ 文件不存在，跳过: image_20250916.csv
2025-10-09 14:24:08,696 - WARNING - upload_data_by_type:260 - ⚠ 文件不存在，跳过: image_20250915.csv
2025-10-09 14:24:08,696 - WARNING - upload_data_by_type:260 - ⚠ 文件不存在，跳过: image_20250914.csv
2025-10-09 14:24:08,697 - WARNING - upload_data_by_type:260 - ⚠ 文件不存在，跳过: image_20250913.csv
2025-10-09 14:24:08,697 - WARNING - upload_data_by_type:260 - ⚠ 文件不存在，跳过: image_20250912.csv
2025-10-09 14:24:08,697 - WARNING - upload_data_by_type:260 - ⚠ 文件不存在，跳过: image_20250911.csv
2025-10-09 14:24:08,697 - WARNING - upload_data_by_type:260 - ⚠ 文件不存在，跳过: image_20250910.csv
2025-10-09 14:24:08,697 - WARNING - upload_data_by_type:260 - ⚠ 文件不存在，跳过: image_20250909.csv
2025-10-09 14:24:08,697 - WARNING - upload_data_by_type:260 - ⚠ 文件不存在，跳过: image_20250908.csv
2025-10-09 14:24:08,697 - WARNING - upload_data_by_type:260 - ⚠ 文件不存在，跳过: image_20250907.csv
2025-10-09 14:24:08,697 - WARNING - upload_data_by_type:260 - ⚠ 文件不存在，跳过: image_20250906.csv
2025-10-09 14:24:08,697 - WARNING - upload_data_by_type:260 - ⚠ 文件不存在，跳过: image_20250905.csv
2025-10-09 14:24:08,697 - WARNING - upload_data_by_type:260 - ⚠ 文件不存在，跳过: image_20250904.csv
2025-10-09 14:24:08,697 - WARNING - upload_data_by_type:260 - ⚠ 文件不存在，跳过: image_20250903.csv
2025-10-09 14:24:08,698 - WARNING - upload_data_by_type:260 - ⚠ 文件不存在，跳过: image_20250902.csv
2025-10-09 14:24:08,698 - WARNING - upload_data_by_type:260 - ⚠ 文件不存在，跳过: image_20250901.csv
2025-10-09 14:24:08,698 - WARNING - upload_data_by_type:260 - ⚠ 文件不存在，跳过: image_20250831.csv
2025-10-09 14:24:08,698 - WARNING - upload_data_by_type:260 - ⚠ 文件不存在，跳过: image_20250830.csv
2025-10-09 14:24:08,698 - WARNING - upload_data_by_type:260 - ⚠ 文件不存在，跳过: image_20250829.csv
2025-10-09 14:24:08,698 - WARNING - upload_data_by_type:260 - ⚠ 文件不存在，跳过: image_20250828.csv
2025-10-09 14:24:08,698 - WARNING - upload_data_by_type:260 - ⚠ 文件不存在，跳过: image_20250827.csv
2025-10-09 14:24:08,698 - WARNING - upload_data_by_type:260 - ⚠ 文件不存在，跳过: image_20250826.csv
2025-10-09 14:24:08,698 - WARNING - upload_data_by_type:260 - ⚠ 文件不存在，跳过: image_20250825.csv
2025-10-09 14:24:08,698 - WARNING - upload_data_by_type:260 - ⚠ 文件不存在，跳过: image_20250824.csv
2025-10-09 14:24:08,698 - WARNING - upload_data_by_type:260 - ⚠ 文件不存在，跳过: image_20250823.csv
2025-10-09 14:24:08,698 - WARNING - upload_data_by_type:260 - ⚠ 文件不存在，跳过: image_20250822.csv
2025-10-09 14:24:08,698 - WARNING - upload_data_by_type:260 - ⚠ 文件不存在，跳过: image_20250821.csv
2025-10-09 14:24:08,698 - WARNING - upload_data_by_type:260 - ⚠ 文件不存在，跳过: image_20250820.csv
2025-10-09 14:24:08,698 - WARNING - upload_data_by_type:260 - ⚠ 文件不存在，跳过: image_20250819.csv
2025-10-09 14:24:08,699 - WARNING - upload_data_by_type:260 - ⚠ 文件不存在，跳过: image_20250818.csv
2025-10-09 14:24:08,699 - WARNING - upload_data_by_type:260 - ⚠ 文件不存在，跳过: image_20250817.csv
2025-10-09 14:24:08,699 - WARNING - upload_data_by_type:260 - ⚠ 文件不存在，跳过: image_20250816.csv
2025-10-09 14:24:08,699 - WARNING - upload_data_by_type:260 - ⚠ 文件不存在，跳过: image_20250815.csv
2025-10-09 14:24:08,699 - WARNING - upload_data_by_type:260 - ⚠ 文件不存在，跳过: image_20250814.csv
2025-10-09 14:24:08,699 - WARNING - upload_data_by_type:260 - ⚠ 文件不存在，跳过: image_20250813.csv
2025-10-09 14:24:08,699 - WARNING - upload_data_by_type:260 - ⚠ 文件不存在，跳过: image_20250812.csv
2025-10-09 14:24:08,699 - WARNING - upload_data_by_type:260 - ⚠ 文件不存在，跳过: image_20250811.csv
2025-10-09 14:24:08,699 - WARNING - upload_data_by_type:260 - ⚠ 文件不存在，跳过: image_20250810.csv
2025-10-09 14:24:08,699 - INFO - upload_data_by_type:274 - 采集图像上传完成 - 成功: 0, 失败: 61, 总计: 61
2025-10-09 14:24:08,699 - INFO - main:346 - ==================================================
2025-10-09 14:24:08,699 - INFO - main:347 - 所有上传任务完成
2025-10-09 14:24:08,699 - INFO - main:348 - 总体统计 - 成功: 0, 失败: 183, 总计: 183
2025-10-09 14:24:08,700 - INFO - main:350 - 成功率: 0.0%
2025-10-09 14:24:08,700 - INFO - main:351 - ==================================================
